2018-06-05 01:09:27.272  INFO 147244 --- [main] cn.haoyu.jimChat.JimChatApplication      : No active profile set, falling back to default profiles: default
2018-06-05 01:09:27.343  INFO 147244 --- [main] ationConfigEmbeddedWebApplicationContext : Refreshing org.springframework.boot.context.embedded.AnnotationConfigEmbeddedWebApplicationContext@56febdc: startup date [Tue Jun 05 01:09:27 CST 2018]; parent: org.springframework.context.annotation.AnnotationConfigApplicationContext@7f284218
2018-06-05 01:09:30.429  INFO 147244 --- [main] o.s.cloud.context.scope.GenericScope     : BeanFactory id=9711f566-c887-35a7-a678-e10afe43af3b
2018-06-05 01:09:30.493  INFO 147244 --- [main] f.a.AutowiredAnnotationBeanPostProcessor : JSR-330 'javax.inject.Inject' annotation found and supported for autowiring
2018-06-05 01:09:30.591  INFO 147244 --- [main] trationDelegate$BeanPostProcessorChecker : Bean 'cn.haoyu.jimChat.commonInterface.AccountDao' of type [org.springframework.cloud.netflix.feign.FeignClientFactoryBean] is not eligible for getting processed by all BeanPostProcessors (for example: not eligible for auto-proxying)
2018-06-05 01:09:30.595  INFO 147244 --- [main] trationDelegate$BeanPostProcessorChecker : Bean 'cn.haoyu.jimChat.commonInterface.GroupChatDao' of type [org.springframework.cloud.netflix.feign.FeignClientFactoryBean] is not eligible for getting processed by all BeanPostProcessors (for example: not eligible for auto-proxying)
2018-06-05 01:09:31.030  INFO 147244 --- [main] trationDelegate$BeanPostProcessorChecker : Bean 'org.springframework.cloud.autoconfigure.ConfigurationPropertiesRebinderAutoConfiguration' of type [org.springframework.cloud.autoconfigure.ConfigurationPropertiesRebinderAutoConfiguration$$EnhancerBySpringCGLIB$$fd3b7ade] is not eligible for getting processed by all BeanPostProcessors (for example: not eligible for auto-proxying)
2018-06-05 01:09:33.366  INFO 147244 --- [main] s.b.c.e.t.TomcatEmbeddedServletContainer : Tomcat initialized with port(s): 8192 (http)
2018-06-05 01:09:33.405  INFO 147244 --- [main] o.apache.catalina.core.StandardService   : Starting service Tomcat
2018-06-05 01:09:33.409  INFO 147244 --- [main] org.apache.catalina.core.StandardEngine  : Starting Servlet Engine: Apache Tomcat/8.5.14
2018-06-05 01:09:33.955  INFO 147244 --- [localhost-startStop-1] o.a.c.c.C.[.[localhost].[/chatServer]    : Initializing Spring embedded WebApplicationContext
2018-06-05 01:09:33.957  INFO 147244 --- [localhost-startStop-1] o.s.web.context.ContextLoader            : Root WebApplicationContext: initialization completed in 6614 ms
2018-06-05 01:09:34.825  INFO 147244 --- [localhost-startStop-1] o.s.b.w.servlet.ServletRegistrationBean  : Mapping servlet: 'dispatcherServlet' to [/]
2018-06-05 01:09:34.851  INFO 147244 --- [localhost-startStop-1] o.s.b.w.servlet.FilterRegistrationBean   : Mapping filter: 'characterEncodingFilter' to: [/*]
2018-06-05 01:09:34.854  INFO 147244 --- [localhost-startStop-1] o.s.b.w.servlet.FilterRegistrationBean   : Mapping filter: 'hiddenHttpMethodFilter' to: [/*]
2018-06-05 01:09:34.855  INFO 147244 --- [localhost-startStop-1] o.s.b.w.servlet.FilterRegistrationBean   : Mapping filter: 'httpPutFormContentFilter' to: [/*]
2018-06-05 01:09:34.856  INFO 147244 --- [localhost-startStop-1] o.s.b.w.servlet.FilterRegistrationBean   : Mapping filter: 'requestContextFilter' to: [/*]
2018-06-05 01:09:36.767  WARN 147244 --- [main] c.n.c.sources.URLConfigurationSource     : No URLs will be polled as dynamic configuration sources.
2018-06-05 01:09:36.769  INFO 147244 --- [main] c.n.c.sources.URLConfigurationSource     : To enable URLs as dynamic configuration sources, define System property archaius.configurationSource.additionalUrls or make config.properties available on classpath.
2018-06-05 01:09:36.793  WARN 147244 --- [main] c.n.c.sources.URLConfigurationSource     : No URLs will be polled as dynamic configuration sources.
2018-06-05 01:09:36.794  INFO 147244 --- [main] c.n.c.sources.URLConfigurationSource     : To enable URLs as dynamic configuration sources, define System property archaius.configurationSource.additionalUrls or make config.properties available on classpath.
2018-06-05 01:09:38.427  INFO 147244 --- [main] s.w.s.m.m.a.RequestMappingHandlerAdapter : Looking for @ControllerAdvice: org.springframework.boot.context.embedded.AnnotationConfigEmbeddedWebApplicationContext@56febdc: startup date [Tue Jun 05 01:09:27 CST 2018]; parent: org.springframework.context.annotation.AnnotationConfigApplicationContext@7f284218
2018-06-05 01:09:38.833  INFO 147244 --- [main] s.w.s.m.m.a.RequestMappingHandlerMapping : Mapped "{[/common/haccount/findAccount],methods=[GET]}" onto public abstract cn.haoyu.common.entity.Haccount cn.haoyu.jimChat.commonInterface.AccountDao.findByUserNameAndPwd(java.lang.String,java.lang.String)
2018-06-05 01:09:38.860  INFO 147244 --- [main] s.w.s.m.m.a.RequestMappingHandlerMapping : Mapped "{[/common/group/createGroup],methods=[POST]}" onto public abstract java.lang.String cn.haoyu.jimChat.commonInterface.GroupChatDao.createGroup(java.lang.String,java.util.List<java.lang.String>)
2018-06-05 01:09:38.862  INFO 147244 --- [main] s.w.s.m.m.a.RequestMappingHandlerMapping : Mapped "{[/common/chat/textContent],methods=[POST]}" onto public abstract java.lang.String cn.haoyu.jimChat.commonInterface.GroupChatDao.saveTextContent(java.lang.String,java.lang.String,java.lang.String)
2018-06-05 01:09:38.862  INFO 147244 --- [main] s.w.s.m.m.a.RequestMappingHandlerMapping : Mapped "{[/common/member/getByAccountHid],methods=[GET]}" onto public abstract cn.haoyu.common.entity.Member cn.haoyu.jimChat.commonInterface.GroupChatDao.getByAccountHid(java.lang.String)
2018-06-05 01:09:38.863  INFO 147244 --- [main] s.w.s.m.m.a.RequestMappingHandlerMapping : Mapped "{[/common/member/online],methods=[GET]}" onto public abstract java.lang.Boolean cn.haoyu.jimChat.commonInterface.GroupChatDao.online(java.lang.Boolean,java.lang.String)
2018-06-05 01:09:38.872  INFO 147244 --- [main] s.w.s.m.m.a.RequestMappingHandlerMapping : Mapped "{[/error]}" onto public org.springframework.http.ResponseEntity<java.util.Map<java.lang.String, java.lang.Object>> org.springframework.boot.autoconfigure.web.BasicErrorController.error(javax.servlet.http.HttpServletRequest)
2018-06-05 01:09:38.873  INFO 147244 --- [main] s.w.s.m.m.a.RequestMappingHandlerMapping : Mapped "{[/error],produces=[text/html]}" onto public org.springframework.web.servlet.ModelAndView org.springframework.boot.autoconfigure.web.BasicErrorController.errorHtml(javax.servlet.http.HttpServletRequest,javax.servlet.http.HttpServletResponse)
2018-06-05 01:09:39.242  INFO 147244 --- [main] o.s.w.s.handler.SimpleUrlHandlerMapping  : Mapped URL path [/webjars/**] onto handler of type [class org.springframework.web.servlet.resource.ResourceHttpRequestHandler]
2018-06-05 01:09:39.243  INFO 147244 --- [main] o.s.w.s.handler.SimpleUrlHandlerMapping  : Mapped URL path [/**] onto handler of type [class org.springframework.web.servlet.resource.ResourceHttpRequestHandler]
2018-06-05 01:09:39.486  INFO 147244 --- [main] o.s.w.s.handler.SimpleUrlHandlerMapping  : Mapped URL path [/**/favicon.ico] onto handler of type [class org.springframework.web.servlet.resource.ResourceHttpRequestHandler]
2018-06-05 01:09:39.745  WARN 147244 --- [main] o.s.b.a.m.MustacheAutoConfiguration      : Cannot find template location: classpath:/templates/ (please add some templates, check your Mustache configuration, or set spring.mustache.check-template-location=false)
2018-06-05 01:09:42.160  INFO 147244 --- [main] o.s.cloud.commons.util.InetUtils         : Cannot determine local hostname
2018-06-05 01:09:45.133  INFO 147244 --- [main] org.mongodb.driver.cluster               : Cluster created with settings {hosts=[localhost:27017], mode=SINGLE, requiredClusterType=UNKNOWN, serverSelectionTimeout='30000 ms', maxWaitQueueSize=500}
2018-06-05 01:09:45.379  INFO 147244 --- [cluster-ClusterId{value='5b15725990d0ca3f2c8323a1', description='null'}-localhost:27017] org.mongodb.driver.connection            : Opened connection [connectionId{localValue:1, serverValue:64}] to localhost:27017
2018-06-05 01:09:45.385  INFO 147244 --- [cluster-ClusterId{value='5b15725990d0ca3f2c8323a1', description='null'}-localhost:27017] org.mongodb.driver.cluster               : Monitor thread successfully connected to server with description ServerDescription{address=localhost:27017, type=STANDALONE, state=CONNECTED, ok=true, version=ServerVersion{versionList=[3, 4, 4]}, minWireVersion=0, maxWireVersion=5, maxDocumentSize=16777216, roundTripTimeNanos=1393335}
2018-06-05 01:09:48.950  INFO 147244 --- [main] o.s.cloud.commons.util.InetUtils         : Cannot determine local hostname
2018-06-05 01:09:49.758  WARN 147244 --- [main] arterDeprecationWarningAutoConfiguration : spring-cloud-starter-eureka is deprecated as of Spring Cloud Netflix 1.4.0, please migrate to spring-cloud-starter-netflix-eureka
2018-06-05 01:09:50.465  INFO 147244 --- [main] o.s.j.e.a.AnnotationMBeanExporter        : Registering beans for JMX exposure on startup
2018-06-05 01:09:50.492  INFO 147244 --- [main] o.s.j.e.a.AnnotationMBeanExporter        : Bean with name 'environmentManager' has been autodetected for JMX exposure
2018-06-05 01:09:50.495  INFO 147244 --- [main] o.s.j.e.a.AnnotationMBeanExporter        : Bean with name 'configurationPropertiesRebinder' has been autodetected for JMX exposure
2018-06-05 01:09:50.499  INFO 147244 --- [main] o.s.j.e.a.AnnotationMBeanExporter        : Bean with name 'refreshScope' has been autodetected for JMX exposure
2018-06-05 01:09:50.505  INFO 147244 --- [main] o.s.j.e.a.AnnotationMBeanExporter        : Located managed bean 'environmentManager': registering with JMX server as MBean [org.springframework.cloud.context.environment:name=environmentManager,type=EnvironmentManager]
2018-06-05 01:09:50.543  INFO 147244 --- [main] o.s.j.e.a.AnnotationMBeanExporter        : Located managed bean 'refreshScope': registering with JMX server as MBean [org.springframework.cloud.context.scope.refresh:name=refreshScope,type=RefreshScope]
2018-06-05 01:09:50.595  INFO 147244 --- [main] o.s.j.e.a.AnnotationMBeanExporter        : Located managed bean 'configurationPropertiesRebinder': registering with JMX server as MBean [org.springframework.cloud.context.properties:name=configurationPropertiesRebinder,context=56febdc,type=ConfigurationPropertiesRebinder]
2018-06-05 01:09:50.703  INFO 147244 --- [main] o.s.c.support.DefaultLifecycleProcessor  : Starting beans in phase 0
2018-06-05 01:09:50.771  INFO 147244 --- [main] o.s.c.n.eureka.InstanceInfoFactory       : Setting initial instance status as: STARTING
2018-06-05 01:09:50.996  INFO 147244 --- [main] com.netflix.discovery.DiscoveryClient    : Initializing Eureka in region us-east-1
2018-06-05 01:09:51.453  INFO 147244 --- [main] c.n.d.provider.DiscoveryJerseyProvider   : Using JSON encoding codec LegacyJacksonJson
2018-06-05 01:09:51.453  INFO 147244 --- [main] c.n.d.provider.DiscoveryJerseyProvider   : Using JSON decoding codec LegacyJacksonJson
2018-06-05 01:09:52.032  INFO 147244 --- [main] c.n.d.provider.DiscoveryJerseyProvider   : Using XML encoding codec XStreamXml
2018-06-05 01:09:52.033  INFO 147244 --- [main] c.n.d.provider.DiscoveryJerseyProvider   : Using XML decoding codec XStreamXml
2018-06-05 01:09:53.484  INFO 147244 --- [main] c.n.d.s.r.aws.ConfigClusterResolver      : Resolving eureka endpoints via configuration
2018-06-05 01:09:53.921  INFO 147244 --- [main] com.netflix.discovery.DiscoveryClient    : Disable delta property : false
2018-06-05 01:09:53.922  INFO 147244 --- [main] com.netflix.discovery.DiscoveryClient    : Single vip registry refresh property : null
2018-06-05 01:09:53.924  INFO 147244 --- [main] com.netflix.discovery.DiscoveryClient    : Force full registry fetch : false
2018-06-05 01:09:53.924  INFO 147244 --- [main] com.netflix.discovery.DiscoveryClient    : Application is null : false
2018-06-05 01:09:53.926  INFO 147244 --- [main] com.netflix.discovery.DiscoveryClient    : Registered Applications size is zero : true
2018-06-05 01:09:53.928  INFO 147244 --- [main] com.netflix.discovery.DiscoveryClient    : Application version is -1: true
2018-06-05 01:09:53.928  INFO 147244 --- [main] com.netflix.discovery.DiscoveryClient    : Getting all instance registry info from the eureka server
2018-06-05 01:09:54.682  INFO 147244 --- [main] com.netflix.discovery.DiscoveryClient    : The response status is 200
2018-06-05 01:09:54.688  INFO 147244 --- [main] com.netflix.discovery.DiscoveryClient    : Starting heartbeat executor: renew interval is: 30
2018-06-05 01:09:54.696  INFO 147244 --- [main] c.n.discovery.InstanceInfoReplicator     : InstanceInfoReplicator onDemand update allowed rate per min is 4
2018-06-05 01:09:54.704  INFO 147244 --- [main] com.netflix.discovery.DiscoveryClient    : Discovery Client initialized at timestamp 1528132194704 with initial instances count: 2
2018-06-05 01:09:54.946  INFO 147244 --- [main] o.s.c.n.e.s.EurekaServiceRegistry        : Registering application chatServer with eureka with status UP
2018-06-05 01:09:54.947  INFO 147244 --- [main] com.netflix.discovery.DiscoveryClient    : Saw local status change event StatusChangeEvent [timestamp=1528132194947, current=UP, previous=STARTING]
2018-06-05 01:09:54.955  INFO 147244 --- [DiscoveryClient-InstanceInfoReplicator-0] com.netflix.discovery.DiscoveryClient    : DiscoveryClient_CHATSERVER/localhost:chatServer:8192: registering service...
2018-06-05 01:09:55.226  INFO 147244 --- [DiscoveryClient-InstanceInfoReplicator-0] com.netflix.discovery.DiscoveryClient    : DiscoveryClient_CHATSERVER/localhost:chatServer:8192 - registration status: 204
2018-06-05 01:09:55.425  INFO 147244 --- [main] s.b.c.e.t.TomcatEmbeddedServletContainer : Tomcat started on port(s): 8192 (http)
2018-06-05 01:09:55.428  INFO 147244 --- [main] .s.c.n.e.s.EurekaAutoServiceRegistration : Updating port to 8192
2018-06-05 01:09:55.449  INFO 147244 --- [main] cn.haoyu.jimChat.JimChatApplication      : Started JimChatApplication in 37.773 seconds (JVM running for 40.349)
2018-06-05 01:09:56.699  INFO 147244 --- [tio-timer-checkheartbeat-1] org.tio.server.ServerGroupContext        : null, 用户取消了框架层面的心跳检测，如果业务需要，请用户自己去完成心跳检测
2018-06-05 01:09:56.738 ERROR 147244 --- [main] o.j.server.handler.ServerHandlerManager  : java.lang.NullPointerException
2018-06-05 01:09:56.744  INFO 147244 --- [main] org.jim.server.ws.WsServerHandler        : wsServerHandler 初始化完毕...
2018-06-05 01:09:56.828  WARN 147244 --- [main] org.tio.server.AioServer                 : null started, listen on 0.0.0.0:9090
2018-06-05 01:10:45.335  INFO 147244 --- [tio-group-14] org.jim.common.tcp.TcpServerDecoder      : TCP解码成功...
2018-06-05 01:10:45.335  INFO 147244 --- [tio-group-13] org.jim.common.tcp.TcpServerDecoder      : TCP解码成功...
2018-06-05 01:10:45.353  INFO 147244 --- [tio-group-16] org.jim.common.tcp.TcpServerDecoder      : TCP解码成功...
2018-06-05 01:10:45.356  INFO 147244 --- [tio-group-15] org.jim.common.tcp.TcpServerDecoder      : TCP解码成功...
2018-06-05 01:10:45.360  INFO 147244 --- [tio-group-17] org.jim.common.tcp.TcpServerDecoder      : TCP解码成功...
2018-06-05 01:10:45.363  INFO 147244 --- [tio-group-18] org.jim.common.tcp.TcpServerDecoder      : TCP解码成功...
2018-06-05 01:10:45.368  INFO 147244 --- [tio-group-19] org.jim.common.tcp.TcpServerDecoder      : TCP解码成功...
2018-06-05 01:10:45.369  INFO 147244 --- [tio-group-20] org.jim.common.tcp.TcpServerDecoder      : TCP解码成功...
2018-06-05 01:10:45.371  INFO 147244 --- [tio-group-21] org.jim.common.tcp.TcpServerDecoder      : TCP解码成功...
2018-06-05 01:10:45.379  INFO 147244 --- [tio-group-22] org.jim.common.tcp.TcpServerDecoder      : TCP解码成功...
2018-06-05 01:10:45.379  INFO 147244 --- [tio-group-24] org.jim.common.tcp.TcpServerDecoder      : TCP解码成功...
2018-06-05 01:10:45.379  INFO 147244 --- [tio-group-23] org.jim.common.tcp.TcpServerDecoder      : TCP解码成功...
2018-06-05 01:10:45.525  INFO 147244 --- [tio-group-18] s.c.a.AnnotationConfigApplicationContext : Refreshing org.springframework.context.annotation.AnnotationConfigApplicationContext@1d6ff9b0: startup date [Tue Jun 05 01:10:45 CST 2018]; parent: org.springframework.boot.context.embedded.AnnotationConfigEmbeddedWebApplicationContext@56febdc
2018-06-05 01:10:45.793  INFO 147244 --- [tio-group-18] f.a.AutowiredAnnotationBeanPostProcessor : JSR-330 'javax.inject.Inject' annotation found and supported for autowiring
2018-06-05 01:10:46.473  INFO 147244 --- [tio-group-18] s.c.a.AnnotationConfigApplicationContext : Refreshing org.springframework.context.annotation.AnnotationConfigApplicationContext@5c8c4e27: startup date [Tue Jun 05 01:10:46 CST 2018]; parent: org.springframework.boot.context.embedded.AnnotationConfigEmbeddedWebApplicationContext@56febdc
2018-06-05 01:10:46.869  INFO 147244 --- [tio-group-18] f.a.AutowiredAnnotationBeanPostProcessor : JSR-330 'javax.inject.Inject' annotation found and supported for autowiring
2018-06-05 01:10:49.474  INFO 147244 --- [tio-group-18] c.netflix.config.ChainedDynamicProperty  : Flipping property: common.ribbon.ActiveConnectionsLimit to use NEXT property: niws.loadbalancer.availabilityFilteringRule.activeConnectionsLimit = 2147483647
2018-06-05 01:10:49.565  INFO 147244 --- [tio-group-18] c.n.u.concurrent.ShutdownEnabledTimer    : Shutdown hook installed for: NFLoadBalancer-PingTimer-common
2018-06-05 01:10:49.680  INFO 147244 --- [tio-group-18] c.netflix.loadbalancer.BaseLoadBalancer  : Client: common instantiated a LoadBalancer: DynamicServerListLoadBalancer:{NFLoadBalancer:name=common,current list of Servers=[],Load balancer stats=Zone stats: {},Server stats: []}ServerList:null
2018-06-05 01:10:49.765  INFO 147244 --- [tio-group-18] c.n.l.DynamicServerListLoadBalancer      : Using serverListUpdater PollingServerListUpdater
2018-06-05 01:10:49.885  INFO 147244 --- [tio-group-18] c.netflix.config.ChainedDynamicProperty  : Flipping property: common.ribbon.ActiveConnectionsLimit to use NEXT property: niws.loadbalancer.availabilityFilteringRule.activeConnectionsLimit = 2147483647
2018-06-05 01:10:49.900  INFO 147244 --- [tio-group-18] c.n.l.DynamicServerListLoadBalancer      : DynamicServerListLoadBalancer for client common initialized: DynamicServerListLoadBalancer:{NFLoadBalancer:name=common,current list of Servers=[localhost:8194],Load balancer stats=Zone stats: {defaultzone=[Zone:defaultzone;	Instance count:1;	Active connections count: 0;	Circuit breaker tripped count: 0;	Active connections per server: 0.0;]
},Server stats: [[Server:localhost:8194;	Zone:defaultZone;	Total Requests:0;	Successive connection failure:0;	Total blackout seconds:0;	Last connection made:Thu Jan 01 08:00:00 CST 1970;	First connection made: Thu Jan 01 08:00:00 CST 1970;	Active Connections:0;	total failure count in last (1000) msecs:0;	average resp time:0.0;	90 percentile resp time:0.0;	95 percentile resp time:0.0;	min resp time:0.0;	max resp time:0.0;	stddev resp time:0.0]
]}ServerList:org.springframework.cloud.netflix.ribbon.eureka.DomainExtractingServerList@2af70432
2018-06-05 01:10:50.924  INFO 147244 --- [PollingServerListUpdater-0] c.netflix.config.ChainedDynamicProperty  : Flipping property: common.ribbon.ActiveConnectionsLimit to use NEXT property: niws.loadbalancer.availabilityFilteringRule.activeConnectionsLimit = 2147483647
2018-06-05 01:10:51.732  INFO 147244 --- [tio-group-22] org.jim.common.tcp.TcpServerDecoder      : TCP解码成功...
2018-06-05 01:10:51.747  INFO 147244 --- [tio-group-13] org.jim.common.tcp.TcpServerDecoder      : TCP解码成功...
2018-06-05 01:10:51.818  INFO 147244 --- [tio-group-18] org.jim.common.tcp.TcpServerDecoder      : TCP解码成功...
2018-06-05 01:10:51.981  INFO 147244 --- [tio-group-19] org.jim.common.tcp.TcpServerDecoder      : TCP解码成功...
2018-06-05 01:10:52.280  INFO 147244 --- [tio-group-20] org.jim.common.tcp.TcpServerDecoder      : TCP解码成功...
2018-06-05 01:10:52.295  INFO 147244 --- [tio-group-15] org.jim.common.tcp.TcpServerDecoder      : TCP解码成功...
2018-06-05 01:10:52.304  INFO 147244 --- [tio-group-21] org.jim.common.tcp.TcpServerDecoder      : TCP解码成功...
2018-06-05 01:10:52.379  INFO 147244 --- [tio-group-40] org.jim.common.tcp.TcpServerDecoder      : TCP解码成功...
2018-06-05 01:10:52.487  INFO 147244 --- [tio-group-17] org.jim.common.tcp.TcpServerDecoder      : TCP解码成功...
2018-06-05 01:10:52.519  INFO 147244 --- [tio-group-23] org.jim.common.tcp.TcpServerDecoder      : TCP解码成功...
2018-06-05 01:10:52.613  INFO 147244 --- [tio-group-24] org.jim.common.tcp.TcpServerDecoder      : TCP解码成功...
2018-06-05 01:10:52.774  INFO 147244 --- [tio-group-55] org.jim.common.tcp.TcpServerDecoder      : TCP解码成功...
2018-06-05 01:10:53.717  INFO 147244 --- [tio-group-98] org.jim.common.tcp.TcpServerDecoder      : TCP解码成功...
2018-06-05 01:10:53.945  INFO 147244 --- [tio-group-115] org.jim.common.tcp.TcpServerDecoder      : TCP解码成功...
2018-06-05 01:11:03.761  INFO 147244 --- [tio-group-139] org.jim.common.tcp.TcpServerDecoder      : TCP解码成功...
2018-06-05 01:11:03.812  INFO 147244 --- [tio-group-139] org.jim.common.tcp.TcpServerDecoder      : TCP解码成功...
2018-06-05 01:11:03.935  INFO 147244 --- [tio-group-156] org.jim.common.tcp.TcpServerDecoder      : TCP解码成功...
2018-06-05 01:11:03.954  INFO 147244 --- [tio-group-155] org.jim.common.tcp.TcpServerDecoder      : TCP解码成功...
2018-06-05 01:11:03.983  INFO 147244 --- [tio-group-156] org.jim.common.tcp.TcpServerDecoder      : TCP解码成功...
2018-06-05 01:11:04.006  INFO 147244 --- [tio-group-155] org.jim.common.tcp.TcpServerDecoder      : TCP解码成功...
2018-06-05 01:11:04.393  INFO 147244 --- [tio-group-191] org.jim.common.tcp.TcpServerDecoder      : TCP解码成功...
2018-06-05 01:11:04.422  INFO 147244 --- [tio-group-191] org.jim.common.tcp.TcpServerDecoder      : TCP解码成功...
2018-06-05 01:11:04.652  INFO 147244 --- [tio-group-210] org.jim.common.tcp.TcpServerDecoder      : TCP解码成功...
2018-06-05 01:11:04.689  INFO 147244 --- [tio-group-210] org.jim.common.tcp.TcpServerDecoder      : TCP解码成功...
2018-06-05 01:11:04.759  INFO 147244 --- [tio-group-230] org.jim.common.tcp.TcpServerDecoder      : TCP解码成功...
2018-06-05 01:11:04.763  INFO 147244 --- [tio-group-231] org.jim.common.tcp.TcpServerDecoder      : TCP解码成功...
2018-06-05 01:11:04.771  INFO 147244 --- [tio-group-232] org.jim.common.tcp.TcpServerDecoder      : TCP解码成功...
2018-06-05 01:11:04.796  INFO 147244 --- [tio-group-231] org.jim.common.tcp.TcpServerDecoder      : TCP解码成功...
2018-06-05 01:11:04.868  INFO 147244 --- [tio-group-232] org.jim.common.tcp.TcpServerDecoder      : TCP解码成功...
2018-06-05 01:11:05.057  INFO 147244 --- [tio-group-23] org.jim.common.tcp.TcpServerDecoder      : TCP解码成功...
2018-06-05 20:27:17.590  INFO 14008 --- [main] cn.haoyu.jimChat.JimChatApplication      : No active profile set, falling back to default profiles: default
2018-06-05 20:27:17.716  INFO 14008 --- [main] ationConfigEmbeddedWebApplicationContext : Refreshing org.springframework.boot.context.embedded.AnnotationConfigEmbeddedWebApplicationContext@45394b31: startup date [Tue Jun 05 20:27:17 CST 2018]; parent: org.springframework.context.annotation.AnnotationConfigApplicationContext@7f284218
2018-06-05 20:27:18.932  INFO 14008 --- [main] o.s.cloud.context.scope.GenericScope     : BeanFactory id=9711f566-c887-35a7-a678-e10afe43af3b
2018-06-05 20:27:18.956  INFO 14008 --- [main] f.a.AutowiredAnnotationBeanPostProcessor : JSR-330 'javax.inject.Inject' annotation found and supported for autowiring
2018-06-05 20:27:18.999  INFO 14008 --- [main] trationDelegate$BeanPostProcessorChecker : Bean 'cn.haoyu.jimChat.commonInterface.AccountDao' of type [org.springframework.cloud.netflix.feign.FeignClientFactoryBean] is not eligible for getting processed by all BeanPostProcessors (for example: not eligible for auto-proxying)
2018-06-05 20:27:19.001  INFO 14008 --- [main] trationDelegate$BeanPostProcessorChecker : Bean 'cn.haoyu.jimChat.commonInterface.GroupChatDao' of type [org.springframework.cloud.netflix.feign.FeignClientFactoryBean] is not eligible for getting processed by all BeanPostProcessors (for example: not eligible for auto-proxying)
2018-06-05 20:27:19.206  INFO 14008 --- [main] trationDelegate$BeanPostProcessorChecker : Bean 'org.springframework.cloud.autoconfigure.ConfigurationPropertiesRebinderAutoConfiguration' of type [org.springframework.cloud.autoconfigure.ConfigurationPropertiesRebinderAutoConfiguration$$EnhancerBySpringCGLIB$$c2148b77] is not eligible for getting processed by all BeanPostProcessors (for example: not eligible for auto-proxying)
2018-06-05 20:27:20.059  INFO 14008 --- [main] s.b.c.e.t.TomcatEmbeddedServletContainer : Tomcat initialized with port(s): 8192 (http)
2018-06-05 20:27:20.074  INFO 14008 --- [main] o.apache.catalina.core.StandardService   : Starting service Tomcat
2018-06-05 20:27:20.075  INFO 14008 --- [main] org.apache.catalina.core.StandardEngine  : Starting Servlet Engine: Apache Tomcat/8.5.14
2018-06-05 20:27:20.256  INFO 14008 --- [localhost-startStop-1] o.a.c.c.C.[.[localhost].[/chatServer]    : Initializing Spring embedded WebApplicationContext
2018-06-05 20:27:20.257  INFO 14008 --- [localhost-startStop-1] o.s.web.context.ContextLoader            : Root WebApplicationContext: initialization completed in 2541 ms
2018-06-05 20:27:20.555  INFO 14008 --- [localhost-startStop-1] o.s.b.w.servlet.ServletRegistrationBean  : Mapping servlet: 'dispatcherServlet' to [/]
2018-06-05 20:27:20.562  INFO 14008 --- [localhost-startStop-1] o.s.b.w.servlet.FilterRegistrationBean   : Mapping filter: 'characterEncodingFilter' to: [/*]
2018-06-05 20:27:20.563  INFO 14008 --- [localhost-startStop-1] o.s.b.w.servlet.FilterRegistrationBean   : Mapping filter: 'hiddenHttpMethodFilter' to: [/*]
2018-06-05 20:27:20.563  INFO 14008 --- [localhost-startStop-1] o.s.b.w.servlet.FilterRegistrationBean   : Mapping filter: 'httpPutFormContentFilter' to: [/*]
2018-06-05 20:27:20.563  INFO 14008 --- [localhost-startStop-1] o.s.b.w.servlet.FilterRegistrationBean   : Mapping filter: 'requestContextFilter' to: [/*]
2018-06-05 20:27:21.128  WARN 14008 --- [main] c.n.c.sources.URLConfigurationSource     : No URLs will be polled as dynamic configuration sources.
2018-06-05 20:27:21.128  INFO 14008 --- [main] c.n.c.sources.URLConfigurationSource     : To enable URLs as dynamic configuration sources, define System property archaius.configurationSource.additionalUrls or make config.properties available on classpath.
2018-06-05 20:27:21.139  WARN 14008 --- [main] c.n.c.sources.URLConfigurationSource     : No URLs will be polled as dynamic configuration sources.
2018-06-05 20:27:21.139  INFO 14008 --- [main] c.n.c.sources.URLConfigurationSource     : To enable URLs as dynamic configuration sources, define System property archaius.configurationSource.additionalUrls or make config.properties available on classpath.
2018-06-05 20:27:21.884  INFO 14008 --- [main] s.w.s.m.m.a.RequestMappingHandlerAdapter : Looking for @ControllerAdvice: org.springframework.boot.context.embedded.AnnotationConfigEmbeddedWebApplicationContext@45394b31: startup date [Tue Jun 05 20:27:17 CST 2018]; parent: org.springframework.context.annotation.AnnotationConfigApplicationContext@7f284218
2018-06-05 20:27:22.112  INFO 14008 --- [main] s.w.s.m.m.a.RequestMappingHandlerMapping : Mapped "{[/common/haccount/findAccount],methods=[GET]}" onto public abstract cn.haoyu.common.entity.Haccount cn.haoyu.jimChat.commonInterface.AccountDao.findByUserNameAndPwd(java.lang.String,java.lang.String)
2018-06-05 20:27:22.139  INFO 14008 --- [main] s.w.s.m.m.a.RequestMappingHandlerMapping : Mapped "{[/common/group/createGroup],methods=[POST]}" onto public abstract java.lang.String cn.haoyu.jimChat.commonInterface.GroupChatDao.createGroup(java.lang.String,java.util.List<java.lang.String>)
2018-06-05 20:27:22.139  INFO 14008 --- [main] s.w.s.m.m.a.RequestMappingHandlerMapping : Mapped "{[/common/member/online],methods=[GET]}" onto public abstract java.lang.Boolean cn.haoyu.jimChat.commonInterface.GroupChatDao.online(java.lang.Boolean,java.lang.String)
2018-06-05 20:27:22.140  INFO 14008 --- [main] s.w.s.m.m.a.RequestMappingHandlerMapping : Mapped "{[/common/member/getByAccountHid],methods=[GET]}" onto public abstract cn.haoyu.common.entity.Member cn.haoyu.jimChat.commonInterface.GroupChatDao.getByAccountHid(java.lang.String)
2018-06-05 20:27:22.140  INFO 14008 --- [main] s.w.s.m.m.a.RequestMappingHandlerMapping : Mapped "{[/common/chat/textContent],methods=[POST]}" onto public abstract java.lang.String cn.haoyu.jimChat.commonInterface.GroupChatDao.saveTextContent(java.lang.String,java.lang.String,java.lang.String)
2018-06-05 20:27:22.143  INFO 14008 --- [main] s.w.s.m.m.a.RequestMappingHandlerMapping : Mapped "{[/error]}" onto public org.springframework.http.ResponseEntity<java.util.Map<java.lang.String, java.lang.Object>> org.springframework.boot.autoconfigure.web.BasicErrorController.error(javax.servlet.http.HttpServletRequest)
2018-06-05 20:27:22.145  INFO 14008 --- [main] s.w.s.m.m.a.RequestMappingHandlerMapping : Mapped "{[/error],produces=[text/html]}" onto public org.springframework.web.servlet.ModelAndView org.springframework.boot.autoconfigure.web.BasicErrorController.errorHtml(javax.servlet.http.HttpServletRequest,javax.servlet.http.HttpServletResponse)
2018-06-05 20:27:22.255  INFO 14008 --- [main] o.s.w.s.handler.SimpleUrlHandlerMapping  : Mapped URL path [/webjars/**] onto handler of type [class org.springframework.web.servlet.resource.ResourceHttpRequestHandler]
2018-06-05 20:27:22.255  INFO 14008 --- [main] o.s.w.s.handler.SimpleUrlHandlerMapping  : Mapped URL path [/**] onto handler of type [class org.springframework.web.servlet.resource.ResourceHttpRequestHandler]
2018-06-05 20:27:22.332  INFO 14008 --- [main] o.s.w.s.handler.SimpleUrlHandlerMapping  : Mapped URL path [/**/favicon.ico] onto handler of type [class org.springframework.web.servlet.resource.ResourceHttpRequestHandler]
2018-06-05 20:27:22.439  WARN 14008 --- [main] o.s.b.a.m.MustacheAutoConfiguration      : Cannot find template location: classpath:/templates/ (please add some templates, check your Mustache configuration, or set spring.mustache.check-template-location=false)
2018-06-05 20:27:23.994  INFO 14008 --- [main] o.s.cloud.commons.util.InetUtils         : Cannot determine local hostname
2018-06-05 20:27:25.125  INFO 14008 --- [main] org.mongodb.driver.cluster               : Cluster created with settings {hosts=[localhost:27017], mode=SINGLE, requiredClusterType=UNKNOWN, serverSelectionTimeout='30000 ms', maxWaitQueueSize=500}
2018-06-05 20:27:25.355  INFO 14008 --- [cluster-ClusterId{value='5b1681ad0d8f4036b8eb04c9', description='null'}-localhost:27017] org.mongodb.driver.connection            : Opened connection [connectionId{localValue:1, serverValue:5}] to localhost:27017
2018-06-05 20:27:25.356  INFO 14008 --- [cluster-ClusterId{value='5b1681ad0d8f4036b8eb04c9', description='null'}-localhost:27017] org.mongodb.driver.cluster               : Monitor thread successfully connected to server with description ServerDescription{address=localhost:27017, type=STANDALONE, state=CONNECTED, ok=true, version=ServerVersion{versionList=[3, 4, 4]}, minWireVersion=0, maxWireVersion=5, maxDocumentSize=16777216, roundTripTimeNanos=455555}
2018-06-05 20:27:27.077  INFO 14008 --- [main] o.s.cloud.commons.util.InetUtils         : Cannot determine local hostname
2018-06-05 20:27:27.349  WARN 14008 --- [main] arterDeprecationWarningAutoConfiguration : spring-cloud-starter-eureka is deprecated as of Spring Cloud Netflix 1.4.0, please migrate to spring-cloud-starter-netflix-eureka
2018-06-05 20:27:27.510  INFO 14008 --- [main] o.s.j.e.a.AnnotationMBeanExporter        : Registering beans for JMX exposure on startup
2018-06-05 20:27:27.520  INFO 14008 --- [main] o.s.j.e.a.AnnotationMBeanExporter        : Bean with name 'environmentManager' has been autodetected for JMX exposure
2018-06-05 20:27:27.521  INFO 14008 --- [main] o.s.j.e.a.AnnotationMBeanExporter        : Bean with name 'configurationPropertiesRebinder' has been autodetected for JMX exposure
2018-06-05 20:27:27.522  INFO 14008 --- [main] o.s.j.e.a.AnnotationMBeanExporter        : Bean with name 'refreshScope' has been autodetected for JMX exposure
2018-06-05 20:27:27.524  INFO 14008 --- [main] o.s.j.e.a.AnnotationMBeanExporter        : Located managed bean 'environmentManager': registering with JMX server as MBean [org.springframework.cloud.context.environment:name=environmentManager,type=EnvironmentManager]
2018-06-05 20:27:27.539  INFO 14008 --- [main] o.s.j.e.a.AnnotationMBeanExporter        : Located managed bean 'refreshScope': registering with JMX server as MBean [org.springframework.cloud.context.scope.refresh:name=refreshScope,type=RefreshScope]
2018-06-05 20:27:27.554  INFO 14008 --- [main] o.s.j.e.a.AnnotationMBeanExporter        : Located managed bean 'configurationPropertiesRebinder': registering with JMX server as MBean [org.springframework.cloud.context.properties:name=configurationPropertiesRebinder,context=45394b31,type=ConfigurationPropertiesRebinder]
2018-06-05 20:27:27.574  INFO 14008 --- [main] o.s.c.support.DefaultLifecycleProcessor  : Starting beans in phase 0
2018-06-05 20:27:27.591  INFO 14008 --- [main] o.s.c.n.eureka.InstanceInfoFactory       : Setting initial instance status as: STARTING
2018-06-05 20:27:27.648  INFO 14008 --- [main] com.netflix.discovery.DiscoveryClient    : Initializing Eureka in region us-east-1
2018-06-05 20:27:27.749  INFO 14008 --- [main] c.n.d.provider.DiscoveryJerseyProvider   : Using JSON encoding codec LegacyJacksonJson
2018-06-05 20:27:27.749  INFO 14008 --- [main] c.n.d.provider.DiscoveryJerseyProvider   : Using JSON decoding codec LegacyJacksonJson
2018-06-05 20:27:27.890  INFO 14008 --- [main] c.n.d.provider.DiscoveryJerseyProvider   : Using XML encoding codec XStreamXml
2018-06-05 20:27:27.890  INFO 14008 --- [main] c.n.d.provider.DiscoveryJerseyProvider   : Using XML decoding codec XStreamXml
2018-06-05 20:27:28.298  INFO 14008 --- [main] c.n.d.s.r.aws.ConfigClusterResolver      : Resolving eureka endpoints via configuration
2018-06-05 20:27:28.425  INFO 14008 --- [main] com.netflix.discovery.DiscoveryClient    : Disable delta property : false
2018-06-05 20:27:28.425  INFO 14008 --- [main] com.netflix.discovery.DiscoveryClient    : Single vip registry refresh property : null
2018-06-05 20:27:28.425  INFO 14008 --- [main] com.netflix.discovery.DiscoveryClient    : Force full registry fetch : false
2018-06-05 20:27:28.425  INFO 14008 --- [main] com.netflix.discovery.DiscoveryClient    : Application is null : false
2018-06-05 20:27:28.425  INFO 14008 --- [main] com.netflix.discovery.DiscoveryClient    : Registered Applications size is zero : true
2018-06-05 20:27:28.425  INFO 14008 --- [main] com.netflix.discovery.DiscoveryClient    : Application version is -1: true
2018-06-05 20:27:28.425  INFO 14008 --- [main] com.netflix.discovery.DiscoveryClient    : Getting all instance registry info from the eureka server
2018-06-05 20:27:28.811  INFO 14008 --- [main] com.netflix.discovery.DiscoveryClient    : The response status is 200
2018-06-05 20:27:28.814  INFO 14008 --- [main] com.netflix.discovery.DiscoveryClient    : Starting heartbeat executor: renew interval is: 30
2018-06-05 20:27:28.818  INFO 14008 --- [main] c.n.discovery.InstanceInfoReplicator     : InstanceInfoReplicator onDemand update allowed rate per min is 4
2018-06-05 20:27:28.822  INFO 14008 --- [main] com.netflix.discovery.DiscoveryClient    : Discovery Client initialized at timestamp 1528201648822 with initial instances count: 0
2018-06-05 20:27:28.916  INFO 14008 --- [main] o.s.c.n.e.s.EurekaServiceRegistry        : Registering application chatServer with eureka with status UP
2018-06-05 20:27:28.917  INFO 14008 --- [main] com.netflix.discovery.DiscoveryClient    : Saw local status change event StatusChangeEvent [timestamp=1528201648917, current=UP, previous=STARTING]
2018-06-05 20:27:28.919  INFO 14008 --- [DiscoveryClient-InstanceInfoReplicator-0] com.netflix.discovery.DiscoveryClient    : DiscoveryClient_CHATSERVER/localhost:chatServer:8192: registering service...
2018-06-05 20:27:29.051  INFO 14008 --- [main] s.b.c.e.t.TomcatEmbeddedServletContainer : Tomcat started on port(s): 8192 (http)
2018-06-05 20:27:29.052  INFO 14008 --- [main] .s.c.n.e.s.EurekaAutoServiceRegistration : Updating port to 8192
2018-06-05 20:27:29.068  INFO 14008 --- [main] cn.haoyu.jimChat.JimChatApplication      : Started JimChatApplication in 15.811 seconds (JVM running for 16.818)
2018-06-05 20:27:29.161  INFO 14008 --- [DiscoveryClient-InstanceInfoReplicator-0] com.netflix.discovery.DiscoveryClient    : DiscoveryClient_CHATSERVER/localhost:chatServer:8192 - registration status: 204
2018-06-05 20:27:29.436  INFO 14008 --- [tio-timer-checkheartbeat-1] org.tio.server.ServerGroupContext        : null, 用户取消了框架层面的心跳检测，如果业务需要，请用户自己去完成心跳检测
2018-06-05 20:27:29.449 ERROR 14008 --- [main] o.j.server.handler.ServerHandlerManager  : java.lang.NullPointerException
2018-06-05 20:27:29.450  INFO 14008 --- [main] org.jim.server.ws.WsServerHandler        : wsServerHandler 初始化完毕...
2018-06-05 20:27:29.513  WARN 14008 --- [main] org.tio.server.AioServer                 : null started, listen on 0.0.0.0:9090
2018-06-05 20:27:54.945  INFO 14008 --- [http-nio-8192-exec-10] o.apache.coyote.http11.Http11Processor   : Error parsing HTTP request header
 Note: further occurrences of HTTP header parsing errors will be logged at DEBUG level.

java.lang.IllegalArgumentException: Invalid character found in method name. HTTP method names must be tokens
	at org.apache.coyote.http11.Http11InputBuffer.parseRequestLine(Http11InputBuffer.java:422) ~[tomcat-embed-core-8.5.14.jar:8.5.14]
	at org.apache.coyote.http11.Http11Processor.service(Http11Processor.java:683) ~[tomcat-embed-core-8.5.14.jar:8.5.14]
	at org.apache.coyote.AbstractProcessorLight.process(AbstractProcessorLight.java:66) [tomcat-embed-core-8.5.14.jar:8.5.14]
	at org.apache.coyote.AbstractProtocol$ConnectionHandler.process(AbstractProtocol.java:861) [tomcat-embed-core-8.5.14.jar:8.5.14]
	at org.apache.tomcat.util.net.NioEndpoint$SocketProcessor.doRun(NioEndpoint.java:1455) [tomcat-embed-core-8.5.14.jar:8.5.14]
	at org.apache.tomcat.util.net.SocketProcessorBase.run(SocketProcessorBase.java:49) [tomcat-embed-core-8.5.14.jar:8.5.14]
	at java.util.concurrent.ThreadPoolExecutor.runWorker(ThreadPoolExecutor.java:1142) [na:1.8.0_131]
	at java.util.concurrent.ThreadPoolExecutor$Worker.run(ThreadPoolExecutor.java:617) [na:1.8.0_131]
	at org.apache.tomcat.util.threads.TaskThread$WrappingRunnable.run(TaskThread.java:61) [tomcat-embed-core-8.5.14.jar:8.5.14]
	at java.lang.Thread.run(Thread.java:748) [na:1.8.0_131]

2018-06-05 20:27:58.814  INFO 14008 --- [DiscoveryClient-CacheRefreshExecutor-0] com.netflix.discovery.DiscoveryClient    : Disable delta property : false
2018-06-05 20:27:58.815  INFO 14008 --- [DiscoveryClient-CacheRefreshExecutor-0] com.netflix.discovery.DiscoveryClient    : Single vip registry refresh property : null
2018-06-05 20:27:58.815  INFO 14008 --- [DiscoveryClient-CacheRefreshExecutor-0] com.netflix.discovery.DiscoveryClient    : Force full registry fetch : false
2018-06-05 20:27:58.815  INFO 14008 --- [DiscoveryClient-CacheRefreshExecutor-0] com.netflix.discovery.DiscoveryClient    : Application is null : false
2018-06-05 20:27:58.815  INFO 14008 --- [DiscoveryClient-CacheRefreshExecutor-0] com.netflix.discovery.DiscoveryClient    : Registered Applications size is zero : true
2018-06-05 20:27:58.815  INFO 14008 --- [DiscoveryClient-CacheRefreshExecutor-0] com.netflix.discovery.DiscoveryClient    : Application version is -1: false
2018-06-05 20:27:58.815  INFO 14008 --- [DiscoveryClient-CacheRefreshExecutor-0] com.netflix.discovery.DiscoveryClient    : Getting all instance registry info from the eureka server
2018-06-05 20:27:58.850  INFO 14008 --- [DiscoveryClient-CacheRefreshExecutor-0] com.netflix.discovery.DiscoveryClient    : The response status is 200
2018-06-05 20:32:28.428  INFO 14008 --- [AsyncResolver-bootstrap-executor-0] c.n.d.s.r.aws.ConfigClusterResolver      : Resolving eureka endpoints via configuration
2018-06-05 20:33:40.603  INFO 14008 --- [tio-group-11] org.jim.common.tcp.TcpServerDecoder      : TCP解码成功...
2018-06-05 20:33:40.603  INFO 14008 --- [tio-group-14] org.jim.common.tcp.TcpServerDecoder      : TCP解码成功...
2018-06-05 20:33:40.603  INFO 14008 --- [tio-group-16] org.jim.common.tcp.TcpServerDecoder      : TCP解码成功...
2018-06-05 20:33:40.603  INFO 14008 --- [tio-group-13] org.jim.common.tcp.TcpServerDecoder      : TCP解码成功...
2018-06-05 20:33:40.603  INFO 14008 --- [tio-group-12] org.jim.common.tcp.TcpServerDecoder      : TCP解码成功...
2018-06-05 20:33:40.603  INFO 14008 --- [tio-group-15] org.jim.common.tcp.TcpServerDecoder      : TCP解码成功...
2018-06-05 20:33:40.616  INFO 14008 --- [tio-group-17] org.jim.common.tcp.TcpServerDecoder      : TCP解码成功...
2018-06-05 20:33:40.616  INFO 14008 --- [tio-group-18] org.jim.common.tcp.TcpServerDecoder      : TCP解码成功...
2018-06-05 20:33:40.626  INFO 14008 --- [tio-group-19] org.jim.common.tcp.TcpServerDecoder      : TCP解码成功...
2018-06-05 20:33:40.627  INFO 14008 --- [tio-group-20] org.jim.common.tcp.TcpServerDecoder      : TCP解码成功...
2018-06-05 20:33:40.643  INFO 14008 --- [tio-group-18] s.c.a.AnnotationConfigApplicationContext : Refreshing org.springframework.context.annotation.AnnotationConfigApplicationContext@3f30735e: startup date [Tue Jun 05 20:33:40 CST 2018]; parent: org.springframework.boot.context.embedded.AnnotationConfigEmbeddedWebApplicationContext@45394b31
2018-06-05 20:33:40.741  INFO 14008 --- [tio-group-18] f.a.AutowiredAnnotationBeanPostProcessor : JSR-330 'javax.inject.Inject' annotation found and supported for autowiring
2018-06-05 20:33:40.926  INFO 14008 --- [tio-group-11] s.c.a.AnnotationConfigApplicationContext : Refreshing org.springframework.context.annotation.AnnotationConfigApplicationContext@831e100: startup date [Tue Jun 05 20:33:40 CST 2018]; parent: org.springframework.boot.context.embedded.AnnotationConfigEmbeddedWebApplicationContext@45394b31
2018-06-05 20:33:40.985  INFO 14008 --- [tio-group-11] f.a.AutowiredAnnotationBeanPostProcessor : JSR-330 'javax.inject.Inject' annotation found and supported for autowiring
2018-06-05 20:33:41.386  INFO 14008 --- [tio-group-11] c.netflix.config.ChainedDynamicProperty  : Flipping property: common.ribbon.ActiveConnectionsLimit to use NEXT property: niws.loadbalancer.availabilityFilteringRule.activeConnectionsLimit = 2147483647
2018-06-05 20:33:41.408  INFO 14008 --- [tio-group-11] c.n.u.concurrent.ShutdownEnabledTimer    : Shutdown hook installed for: NFLoadBalancer-PingTimer-common
2018-06-05 20:33:41.442  INFO 14008 --- [tio-group-11] c.netflix.loadbalancer.BaseLoadBalancer  : Client: common instantiated a LoadBalancer: DynamicServerListLoadBalancer:{NFLoadBalancer:name=common,current list of Servers=[],Load balancer stats=Zone stats: {},Server stats: []}ServerList:null
2018-06-05 20:33:41.465  INFO 14008 --- [tio-group-11] c.n.l.DynamicServerListLoadBalancer      : Using serverListUpdater PollingServerListUpdater
2018-06-05 20:33:41.492  INFO 14008 --- [tio-group-11] c.netflix.config.ChainedDynamicProperty  : Flipping property: common.ribbon.ActiveConnectionsLimit to use NEXT property: niws.loadbalancer.availabilityFilteringRule.activeConnectionsLimit = 2147483647
2018-06-05 20:33:41.494  INFO 14008 --- [tio-group-11] c.n.l.DynamicServerListLoadBalancer      : DynamicServerListLoadBalancer for client common initialized: DynamicServerListLoadBalancer:{NFLoadBalancer:name=common,current list of Servers=[localhost:8194],Load balancer stats=Zone stats: {defaultzone=[Zone:defaultzone;	Instance count:1;	Active connections count: 0;	Circuit breaker tripped count: 0;	Active connections per server: 0.0;]
},Server stats: [[Server:localhost:8194;	Zone:defaultZone;	Total Requests:0;	Successive connection failure:0;	Total blackout seconds:0;	Last connection made:Thu Jan 01 08:00:00 CST 1970;	First connection made: Thu Jan 01 08:00:00 CST 1970;	Active Connections:0;	total failure count in last (1000) msecs:0;	average resp time:0.0;	90 percentile resp time:0.0;	95 percentile resp time:0.0;	min resp time:0.0;	max resp time:0.0;	stddev resp time:0.0]
]}ServerList:org.springframework.cloud.netflix.ribbon.eureka.DomainExtractingServerList@1de267da
2018-06-05 20:33:42.615  INFO 14008 --- [PollingServerListUpdater-0] c.netflix.config.ChainedDynamicProperty  : Flipping property: common.ribbon.ActiveConnectionsLimit to use NEXT property: niws.loadbalancer.availabilityFilteringRule.activeConnectionsLimit = 2147483647
2018-06-05 20:33:42.830  INFO 14008 --- [tio-group-14] org.jim.common.tcp.TcpServerDecoder      : TCP解码成功...
2018-06-05 20:33:42.833  INFO 14008 --- [tio-group-12] org.jim.common.tcp.TcpServerDecoder      : TCP解码成功...
2018-06-05 20:33:42.880  INFO 14008 --- [tio-group-14] org.jim.common.tcp.TcpServerDecoder      : TCP解码成功...
2018-06-05 20:33:42.881  INFO 14008 --- [tio-group-14] org.jim.common.tcp.TcpServerDecoder      : TCP解码成功...
2018-06-05 20:33:42.882  INFO 14008 --- [tio-group-14] org.jim.common.tcp.TcpServerDecoder      : TCP解码成功...
2018-06-05 20:33:42.883  INFO 14008 --- [tio-group-14] org.jim.common.tcp.TcpServerDecoder      : TCP解码成功...
2018-06-05 20:33:42.884  INFO 14008 --- [tio-group-14] org.jim.common.tcp.TcpServerDecoder      : TCP解码成功...
2018-06-05 20:33:42.934  INFO 14008 --- [tio-group-11] org.jim.common.tcp.TcpServerDecoder      : TCP解码成功...
2018-06-05 20:33:43.040  INFO 14008 --- [tio-group-34] org.jim.common.tcp.TcpServerDecoder      : TCP解码成功...
2018-06-05 20:33:43.043  INFO 14008 --- [tio-group-43] org.jim.common.tcp.TcpServerDecoder      : TCP解码成功...
2018-06-05 20:34:45.403  INFO 14008 --- [tio-7] org.tio.core.CloseRunnable               : org.jim.server.ImServerGroupContext@6887f082, 127.0.0.1:59796 准备关闭连接, isNeedRemove:true, 读数据时发生异常
2018-06-05 20:34:45.403  INFO 14008 --- [tio-8] org.tio.core.CloseRunnable               : org.jim.server.ImServerGroupContext@6887f082, 127.0.0.1:59799 准备关闭连接, isNeedRemove:true, 读数据时发生异常
2018-06-05 20:34:45.403  INFO 14008 --- [tio-6] org.tio.core.CloseRunnable               : org.jim.server.ImServerGroupContext@6887f082, 127.0.0.1:59791 准备关闭连接, isNeedRemove:true, 读数据时发生异常
2018-06-05 20:34:45.403  INFO 14008 --- [tio-4] org.tio.core.CloseRunnable               : org.jim.server.ImServerGroupContext@6887f082, 127.0.0.1:59794 准备关闭连接, isNeedRemove:true, 读数据时发生异常
2018-06-05 20:34:45.403  INFO 14008 --- [tio-2] org.tio.core.CloseRunnable               : org.jim.server.ImServerGroupContext@6887f082, 127.0.0.1:59797 准备关闭连接, isNeedRemove:true, 读数据时发生异常
2018-06-05 20:34:45.403  INFO 14008 --- [tio-1] org.tio.core.CloseRunnable               : org.jim.server.ImServerGroupContext@6887f082, 127.0.0.1:59800 准备关闭连接, isNeedRemove:true, 读数据时发生异常
2018-06-05 20:34:45.403  INFO 14008 --- [tio-5] org.tio.core.CloseRunnable               : org.jim.server.ImServerGroupContext@6887f082, 127.0.0.1:59795 准备关闭连接, isNeedRemove:true, 读数据时发生异常
2018-06-05 20:34:45.403  INFO 14008 --- [tio-3] org.tio.core.CloseRunnable               : org.jim.server.ImServerGroupContext@6887f082, 127.0.0.1:59798 准备关闭连接, isNeedRemove:true, 读数据时发生异常
2018-06-05 20:34:45.413  INFO 14008 --- [tio-6] org.tio.core.ChannelContext              : 关闭前127.0.0.1:59791, 关闭后$UNKNOWN:1
2018-06-05 20:34:45.413  INFO 14008 --- [tio-6] org.tio.core.CloseRunnable               : org.jim.server.ImServerGroupContext@6887f082, 127.0.0.1:59793 准备关闭连接, isNeedRemove:true, 读数据时发生异常
2018-06-05 20:34:45.413  INFO 14008 --- [tio-6] org.tio.core.ChannelContext              : 关闭前127.0.0.1:59793, 关闭后$UNKNOWN:2
2018-06-05 20:34:45.413  INFO 14008 --- [tio-6] org.tio.core.CloseRunnable               : org.jim.server.ImServerGroupContext@6887f082, 127.0.0.1:59792 准备关闭连接, isNeedRemove:true, 读数据时发生异常
2018-06-05 20:34:45.413  INFO 14008 --- [tio-6] org.tio.core.ChannelContext              : 关闭前127.0.0.1:59792, 关闭后$UNKNOWN:3
2018-06-05 20:34:45.417  INFO 14008 --- [tio-1] org.tio.core.ChannelContext              : 关闭前127.0.0.1:59800, 关闭后$UNKNOWN:4
2018-06-05 20:34:45.419  INFO 14008 --- [tio-8] org.tio.core.ChannelContext              : 关闭前127.0.0.1:59799, 关闭后$UNKNOWN:5
2018-06-05 20:34:45.420  INFO 14008 --- [tio-3] org.tio.core.ChannelContext              : 关闭前127.0.0.1:59798, 关闭后$UNKNOWN:6
2018-06-05 20:34:45.420  INFO 14008 --- [tio-4] org.tio.core.ChannelContext              : 关闭前127.0.0.1:59794, 关闭后$UNKNOWN:7
2018-06-05 20:34:45.420  INFO 14008 --- [tio-2] org.tio.core.ChannelContext              : 关闭前127.0.0.1:59797, 关闭后$UNKNOWN:8
2018-06-05 20:34:45.420  INFO 14008 --- [tio-7] org.tio.core.ChannelContext              : 关闭前127.0.0.1:59796, 关闭后$UNKNOWN:9
2018-06-05 20:34:45.421  INFO 14008 --- [tio-5] org.tio.core.ChannelContext              : 关闭前127.0.0.1:59795, 关闭后$UNKNOWN:10
2018-06-05 20:35:30.995  INFO 14008 --- [tio-group-79] org.jim.common.tcp.TcpServerDecoder      : TCP解码成功...
2018-06-05 20:35:31.011  INFO 14008 --- [tio-group-83] org.jim.common.tcp.TcpServerDecoder      : TCP解码成功...
2018-06-05 20:36:13.505  INFO 14008 --- [tio-group-87] org.jim.common.tcp.TcpServerDecoder      : TCP解码成功...
2018-06-05 20:36:13.519  INFO 14008 --- [tio-group-87] org.jim.common.tcp.TcpServerDecoder      : TCP解码成功...
2018-06-05 20:36:14.808  INFO 14008 --- [tio-group-94] org.jim.common.tcp.TcpServerDecoder      : TCP解码成功...
2018-06-05 20:36:14.822  INFO 14008 --- [tio-group-95] org.jim.common.tcp.TcpServerDecoder      : TCP解码成功...
2018-06-05 20:36:16.251  INFO 14008 --- [tio-group-101] org.jim.common.tcp.TcpServerDecoder      : TCP解码成功...
2018-06-05 20:36:16.261  INFO 14008 --- [tio-group-102] org.jim.common.tcp.TcpServerDecoder      : TCP解码成功...
2018-06-05 20:36:17.574  INFO 14008 --- [tio-group-110] org.jim.common.tcp.TcpServerDecoder      : TCP解码成功...
2018-06-05 20:36:17.593  INFO 14008 --- [tio-group-111] org.jim.common.tcp.TcpServerDecoder      : TCP解码成功...
2018-06-05 20:36:17.956  INFO 14008 --- [tio-group-122] org.jim.common.tcp.TcpServerDecoder      : TCP解码成功...
2018-06-05 20:36:17.976  INFO 14008 --- [tio-group-121] org.jim.common.tcp.TcpServerDecoder      : TCP解码成功...
2018-06-05 20:36:18.180  INFO 14008 --- [tio-group-132] org.jim.common.tcp.TcpServerDecoder      : TCP解码成功...
2018-06-05 20:36:18.201  INFO 14008 --- [tio-group-131] org.jim.common.tcp.TcpServerDecoder      : TCP解码成功...
2018-06-05 20:37:28.429  INFO 14008 --- [AsyncResolver-bootstrap-executor-0] c.n.d.s.r.aws.ConfigClusterResolver      : Resolving eureka endpoints via configuration
2018-06-05 20:40:16.527  INFO 14008 --- [tio-8] org.tio.core.CloseRunnable               : org.jim.server.ImServerGroupContext@6887f082, 127.0.0.1:59907 准备关闭连接, isNeedRemove:true, 读数据时发生异常
2018-06-05 20:40:16.527  INFO 14008 --- [tio-8] org.tio.core.ChannelContext              : 关闭前127.0.0.1:59907, 关闭后$UNKNOWN:11
2018-06-05 20:40:16.528  INFO 14008 --- [tio-3] org.tio.core.CloseRunnable               : org.jim.server.ImServerGroupContext@6887f082, 127.0.0.1:59943 准备关闭连接, isNeedRemove:true, 读数据时发生异常
2018-06-05 20:40:16.529  INFO 14008 --- [tio-5] org.tio.core.CloseRunnable               : org.jim.server.ImServerGroupContext@6887f082, 127.0.0.1:59948 准备关闭连接, isNeedRemove:true, 读数据时发生异常
2018-06-05 20:40:16.529 ERROR 14008 --- [tio-3] org.tio.core.task.SendRunnable           : 127.0.0.1:59948, 任务已经取消，org.jim.common.tcp.TcpPacket@6bd2db40添加到发送队列失败
2018-06-05 20:40:16.530  INFO 14008 --- [tio-7] org.tio.core.CloseRunnable               : org.jim.server.ImServerGroupContext@6887f082, 127.0.0.1:59949 准备关闭连接, isNeedRemove:true, 读数据时发生异常
2018-06-05 20:40:16.530 ERROR 14008 --- [tio-3] org.tio.core.task.SendRunnable           : 127.0.0.1:59949, 任务已经取消，org.jim.common.tcp.TcpPacket@6b7f6419添加到发送队列失败
2018-06-05 20:40:16.530  INFO 14008 --- [tio-3] org.tio.core.ChannelContext              : 关闭前127.0.0.1:59943, 关闭后$UNKNOWN:12
2018-06-05 20:40:16.531  INFO 14008 --- [tio-2] org.tio.core.CloseRunnable               : org.jim.server.ImServerGroupContext@6887f082, 127.0.0.1:59950 准备关闭连接, isNeedRemove:true, 读数据时发生异常
2018-06-05 20:40:16.531 ERROR 14008 --- [tio-7] org.tio.core.task.SendRunnable           : 127.0.0.1:59950, 任务已经取消，org.jim.common.tcp.TcpPacket@7ca79f0e添加到发送队列失败
2018-06-05 20:40:16.531  INFO 14008 --- [tio-7] org.tio.core.ChannelContext              : 关闭前127.0.0.1:59949, 关闭后$UNKNOWN:13
2018-06-05 20:40:16.531  INFO 14008 --- [tio-5] org.tio.core.ChannelContext              : 关闭前127.0.0.1:59948, 关闭后$UNKNOWN:14
2018-06-05 20:40:16.532  INFO 14008 --- [tio-8] org.tio.core.CloseRunnable               : org.jim.server.ImServerGroupContext@6887f082, 127.0.0.1:59951 准备关闭连接, isNeedRemove:true, 写数据返回:0
2018-06-05 20:40:16.532 ERROR 14008 --- [tio-2] org.tio.core.task.SendRunnable           : 127.0.0.1:59951, 任务已经取消，org.jim.common.tcp.TcpPacket@3ea65830添加到发送队列失败
2018-06-05 20:40:16.532  INFO 14008 --- [tio-2] org.tio.core.ChannelContext              : 关闭前127.0.0.1:59950, 关闭后$UNKNOWN:15
2018-06-05 20:40:16.533  INFO 14008 --- [tio-8] org.tio.core.ChannelContext              : 关闭前127.0.0.1:59951, 关闭后$UNKNOWN:16
2018-06-05 20:40:16.533  INFO 14008 --- [tio-7] org.tio.core.CloseRunnable               : org.jim.server.ImServerGroupContext@6887f082, 127.0.0.1:59952 准备关闭连接, isNeedRemove:true, 读数据时发生异常
2018-06-05 20:40:16.534  INFO 14008 --- [tio-7] org.tio.core.ChannelContext              : 关闭前127.0.0.1:59952, 关闭后$UNKNOWN:17
2018-06-05 20:41:03.409  INFO 14008 --- [tio-group-161] org.jim.common.tcp.TcpServerDecoder      : TCP解码成功...
2018-06-05 20:41:03.428  INFO 14008 --- [tio-group-160] org.jim.common.tcp.TcpServerDecoder      : TCP解码成功...
2018-06-05 20:41:23.502  INFO 14008 --- [tio-group-165] org.jim.common.tcp.TcpServerDecoder      : TCP解码成功...
2018-06-05 20:41:56.151  INFO 14008 --- [tio-group-170] org.jim.common.tcp.TcpServerDecoder      : TCP解码成功...
2018-06-05 20:41:56.183  INFO 14008 --- [tio-group-170] org.jim.common.tcp.TcpServerDecoder      : TCP解码成功...
2018-06-05 20:42:02.388  INFO 14008 --- [tio-group-176] org.jim.common.tcp.TcpServerDecoder      : TCP解码成功...
2018-06-05 20:42:02.401  INFO 14008 --- [tio-group-177] org.jim.common.tcp.TcpServerDecoder      : TCP解码成功...
2018-06-05 20:42:28.430  INFO 14008 --- [AsyncResolver-bootstrap-executor-0] c.n.d.s.r.aws.ConfigClusterResolver      : Resolving eureka endpoints via configuration
2018-06-05 20:42:57.960  INFO 14008 --- [tio-group-185] org.jim.common.tcp.TcpServerDecoder      : TCP解码成功...
2018-06-05 20:44:51.298  INFO 14008 --- [tio-7] org.tio.core.CloseRunnable               : org.jim.server.ImServerGroupContext@6887f082, 127.0.0.1:60149 准备关闭连接, isNeedRemove:true, 读数据时发生异常
2018-06-05 20:44:51.298  INFO 14008 --- [tio-1] org.tio.core.CloseRunnable               : org.jim.server.ImServerGroupContext@6887f082, 127.0.0.1:60154 准备关闭连接, isNeedRemove:true, 读数据时发生异常
2018-06-05 20:44:51.299 ERROR 14008 --- [tio-7] org.tio.core.task.SendRunnable           : 127.0.0.1:60154, 任务已经取消，org.jim.common.tcp.TcpPacket@427b69b0添加到发送队列失败
2018-06-05 20:44:51.299  INFO 14008 --- [tio-2] org.tio.core.CloseRunnable               : org.jim.server.ImServerGroupContext@6887f082, 127.0.0.1:60127 准备关闭连接, isNeedRemove:true, 读数据时发生异常
2018-06-05 20:44:51.299  INFO 14008 --- [tio-3] org.tio.core.CloseRunnable               : org.jim.server.ImServerGroupContext@6887f082, 127.0.0.1:60173 准备关闭连接, isNeedRemove:true, 读数据时发生异常
2018-06-05 20:44:51.299  INFO 14008 --- [tio-8] org.tio.core.CloseRunnable               : org.jim.server.ImServerGroupContext@6887f082, 127.0.0.1:60138 准备关闭连接, isNeedRemove:true, 读数据时发生异常
2018-06-05 20:44:51.299 ERROR 14008 --- [tio-7] org.tio.core.task.SendRunnable           : 127.0.0.1:60138, 任务已经取消，org.jim.common.tcp.TcpPacket@7cfeacc1添加到发送队列失败
2018-06-05 20:44:51.299  INFO 14008 --- [tio-7] org.tio.core.ChannelContext              : 关闭前127.0.0.1:60149, 关闭后$UNKNOWN:18
2018-06-05 20:44:51.299  INFO 14008 --- [tio-1] org.tio.core.ChannelContext              : 关闭前127.0.0.1:60154, 关闭后$UNKNOWN:19
2018-06-05 20:44:51.299  INFO 14008 --- [tio-2] org.tio.core.ChannelContext              : 关闭前127.0.0.1:60127, 关闭后$UNKNOWN:21
2018-06-05 20:44:51.299  INFO 14008 --- [tio-8] org.tio.core.ChannelContext              : 关闭前127.0.0.1:60138, 关闭后$UNKNOWN:20
2018-06-05 20:44:51.299  INFO 14008 --- [tio-3] org.tio.core.ChannelContext              : 关闭前127.0.0.1:60173, 关闭后$UNKNOWN:22
2018-06-05 20:45:54.172  INFO 14008 --- [tio-group-198] org.jim.common.tcp.TcpServerDecoder      : TCP解码成功...
2018-06-05 20:45:54.188  INFO 14008 --- [tio-group-199] org.jim.common.tcp.TcpServerDecoder      : TCP解码成功...
2018-06-05 20:45:54.502  INFO 14008 --- [tio-group-204] org.jim.common.tcp.TcpServerDecoder      : TCP解码成功...
2018-06-05 20:46:17.434  INFO 14008 --- [tio-8] org.tio.core.CloseRunnable               : org.jim.server.ImServerGroupContext@6887f082, 127.0.0.1:60320 准备关闭连接, isNeedRemove:true, 读数据时发生异常
2018-06-05 20:46:17.434  INFO 14008 --- [tio-3] org.tio.core.CloseRunnable               : org.jim.server.ImServerGroupContext@6887f082, 127.0.0.1:60323 准备关闭连接, isNeedRemove:true, 读数据时发生异常
2018-06-05 20:46:17.434  INFO 14008 --- [tio-3] org.tio.core.ChannelContext              : 关闭前127.0.0.1:60323, 关闭后$UNKNOWN:24
2018-06-05 20:46:17.434  INFO 14008 --- [tio-8] org.tio.core.ChannelContext              : 关闭前127.0.0.1:60320, 关闭后$UNKNOWN:23
2018-06-05 20:46:38.142  INFO 14008 --- [tio-group-211] org.jim.common.tcp.TcpServerDecoder      : TCP解码成功...
2018-06-05 20:46:38.156  INFO 14008 --- [tio-group-213] org.jim.common.tcp.TcpServerDecoder      : TCP解码成功...
2018-06-05 20:47:28.431  INFO 14008 --- [AsyncResolver-bootstrap-executor-0] c.n.d.s.r.aws.ConfigClusterResolver      : Resolving eureka endpoints via configuration
2018-06-05 20:48:33.562  INFO 14008 --- [tio-7] org.tio.core.CloseRunnable               : org.jim.server.ImServerGroupContext@6887f082, 127.0.0.1:60371 准备关闭连接, isNeedRemove:true, 读数据时发生异常
2018-06-05 20:48:33.563  INFO 14008 --- [tio-7] org.tio.core.ChannelContext              : 关闭前127.0.0.1:60371, 关闭后$UNKNOWN:25
2018-06-05 20:49:04.462  INFO 14008 --- [tio-group-218] org.jim.common.tcp.TcpServerDecoder      : TCP解码成功...
2018-06-05 20:49:04.478  INFO 14008 --- [tio-group-218] org.jim.common.tcp.TcpServerDecoder      : TCP解码成功...
2018-06-05 20:49:04.479  INFO 14008 --- [tio-group-218] org.jim.common.tcp.TcpServerDecoder      : TCP解码成功...
2018-06-05 20:49:04.479  INFO 14008 --- [tio-group-218] org.jim.common.tcp.TcpServerDecoder      : TCP解码成功...
2018-06-05 20:49:04.480  INFO 14008 --- [tio-group-218] org.jim.common.tcp.TcpServerDecoder      : TCP解码成功...
2018-06-05 20:49:04.480  INFO 14008 --- [tio-group-218] org.jim.common.tcp.TcpServerDecoder      : TCP解码成功...
2018-06-05 20:49:04.480  INFO 14008 --- [tio-group-218] org.jim.common.tcp.TcpServerDecoder      : TCP解码成功...
2018-06-05 20:49:04.480  INFO 14008 --- [tio-group-218] org.jim.common.tcp.TcpServerDecoder      : TCP解码成功...
2018-06-05 20:49:04.480  INFO 14008 --- [tio-group-218] org.jim.common.tcp.TcpServerDecoder      : TCP解码成功...
2018-06-05 20:49:04.481  INFO 14008 --- [tio-group-218] org.jim.common.tcp.TcpServerDecoder      : TCP解码成功...
2018-06-05 20:49:04.481  INFO 14008 --- [tio-group-218] org.jim.common.tcp.TcpServerDecoder      : TCP解码成功...
2018-06-05 20:49:04.481  INFO 14008 --- [tio-group-218] org.jim.common.tcp.TcpServerDecoder      : TCP解码成功...
2018-06-05 20:49:04.481  INFO 14008 --- [tio-group-218] org.jim.common.tcp.TcpServerDecoder      : TCP解码成功...
2018-06-05 20:49:04.481  INFO 14008 --- [tio-group-218] org.jim.common.tcp.TcpServerDecoder      : TCP解码成功...
2018-06-05 20:49:04.482  INFO 14008 --- [tio-group-218] org.jim.common.tcp.TcpServerDecoder      : TCP解码成功...
2018-06-05 20:49:04.482  INFO 14008 --- [tio-group-218] org.jim.common.tcp.TcpServerDecoder      : TCP解码成功...
2018-06-05 20:49:04.482  INFO 14008 --- [tio-group-218] org.jim.common.tcp.TcpServerDecoder      : TCP解码成功...
2018-06-05 20:49:04.482  INFO 14008 --- [tio-group-218] org.jim.common.tcp.TcpServerDecoder      : TCP解码成功...
2018-06-05 20:49:04.482  INFO 14008 --- [tio-group-218] org.jim.common.tcp.TcpServerDecoder      : TCP解码成功...
2018-06-05 20:49:04.483  INFO 14008 --- [tio-group-218] org.jim.common.tcp.TcpServerDecoder      : TCP解码成功...
2018-06-05 20:49:04.483  INFO 14008 --- [tio-group-218] org.jim.common.tcp.TcpServerDecoder      : TCP解码成功...
2018-06-05 20:49:04.483  INFO 14008 --- [tio-group-218] org.jim.common.tcp.TcpServerDecoder      : TCP解码成功...
2018-06-05 20:49:04.483  INFO 14008 --- [tio-group-218] org.jim.common.tcp.TcpServerDecoder      : TCP解码成功...
2018-06-05 20:49:04.483  INFO 14008 --- [tio-group-218] org.jim.common.tcp.TcpServerDecoder      : TCP解码成功...
2018-06-05 20:49:04.483  INFO 14008 --- [tio-group-218] org.jim.common.tcp.TcpServerDecoder      : TCP解码成功...
2018-06-05 20:49:04.484  INFO 14008 --- [tio-group-218] org.jim.common.tcp.TcpServerDecoder      : TCP解码成功...
2018-06-05 20:49:04.484  INFO 14008 --- [tio-group-218] org.jim.common.tcp.TcpServerDecoder      : TCP解码成功...
2018-06-05 20:49:04.484  INFO 14008 --- [tio-group-218] org.jim.common.tcp.TcpServerDecoder      : TCP解码成功...
2018-06-05 20:49:04.484  INFO 14008 --- [tio-group-218] org.jim.common.tcp.TcpServerDecoder      : TCP解码成功...
2018-06-05 20:49:04.484  INFO 14008 --- [tio-group-218] org.jim.common.tcp.TcpServerDecoder      : TCP解码成功...
2018-06-05 20:49:04.484  INFO 14008 --- [tio-group-218] org.jim.common.tcp.TcpServerDecoder      : TCP解码成功...
2018-06-05 20:49:04.485  INFO 14008 --- [tio-group-218] org.jim.common.tcp.TcpServerDecoder      : TCP解码成功...
2018-06-05 20:49:04.485  INFO 14008 --- [tio-group-218] org.jim.common.tcp.TcpServerDecoder      : TCP解码成功...
2018-06-05 20:49:04.485  INFO 14008 --- [tio-group-218] org.jim.common.tcp.TcpServerDecoder      : TCP解码成功...
2018-06-05 20:49:04.485  INFO 14008 --- [tio-group-218] org.jim.common.tcp.TcpServerDecoder      : TCP解码成功...
2018-06-05 20:49:04.485  INFO 14008 --- [tio-group-218] org.jim.common.tcp.TcpServerDecoder      : TCP解码成功...
2018-06-05 20:49:04.490  INFO 14008 --- [tio-group-218] org.jim.common.tcp.TcpServerDecoder      : TCP解码成功...
2018-06-05 20:49:04.491  INFO 14008 --- [tio-group-218] org.jim.common.tcp.TcpServerDecoder      : TCP解码成功...
2018-06-05 20:49:04.492  INFO 14008 --- [tio-group-218] org.jim.common.tcp.TcpServerDecoder      : TCP解码成功...
2018-06-05 20:49:04.492  INFO 14008 --- [tio-group-218] org.jim.common.tcp.TcpServerDecoder      : TCP解码成功...
2018-06-05 20:49:04.492  INFO 14008 --- [tio-group-218] org.jim.common.tcp.TcpServerDecoder      : TCP解码成功...
2018-06-05 20:49:04.492  INFO 14008 --- [tio-group-218] org.jim.common.tcp.TcpServerDecoder      : TCP解码成功...
2018-06-05 20:49:04.567  INFO 14008 --- [tio-group-218] org.jim.common.tcp.TcpServerDecoder      : TCP解码成功...
2018-06-05 20:49:04.567  INFO 14008 --- [tio-group-218] org.jim.common.tcp.TcpServerDecoder      : TCP解码成功...
2018-06-05 20:49:04.568  INFO 14008 --- [tio-group-218] org.jim.common.tcp.TcpServerDecoder      : TCP解码成功...
2018-06-05 20:49:04.568  INFO 14008 --- [tio-group-218] org.jim.common.tcp.TcpServerDecoder      : TCP解码成功...
2018-06-05 20:49:04.569  INFO 14008 --- [tio-group-218] org.jim.common.tcp.TcpServerDecoder      : TCP解码成功...
2018-06-05 20:49:04.569  INFO 14008 --- [tio-group-218] org.jim.common.tcp.TcpServerDecoder      : TCP解码成功...
2018-06-05 20:49:04.569  INFO 14008 --- [tio-group-218] org.jim.common.tcp.TcpServerDecoder      : TCP解码成功...
2018-06-05 20:49:04.569  INFO 14008 --- [tio-group-218] org.jim.common.tcp.TcpServerDecoder      : TCP解码成功...
2018-06-05 20:49:04.569  INFO 14008 --- [tio-group-218] org.jim.common.tcp.TcpServerDecoder      : TCP解码成功...
2018-06-05 20:49:04.570  INFO 14008 --- [tio-group-218] org.jim.common.tcp.TcpServerDecoder      : TCP解码成功...
2018-06-05 20:49:04.570  INFO 14008 --- [tio-group-218] org.jim.common.tcp.TcpServerDecoder      : TCP解码成功...
2018-06-05 20:49:04.571  INFO 14008 --- [tio-group-218] org.jim.common.tcp.TcpServerDecoder      : TCP解码成功...
2018-06-05 20:49:04.571  INFO 14008 --- [tio-group-218] org.jim.common.tcp.TcpServerDecoder      : TCP解码成功...
2018-06-05 20:49:04.571  INFO 14008 --- [tio-group-218] org.jim.common.tcp.TcpServerDecoder      : TCP解码成功...
2018-06-05 20:49:04.576  INFO 14008 --- [tio-group-226] org.jim.common.tcp.TcpServerDecoder      : TCP解码成功...
2018-06-05 20:49:04.576  INFO 14008 --- [tio-group-226] org.jim.common.tcp.TcpServerDecoder      : TCP解码成功...
2018-06-05 20:49:04.576  INFO 14008 --- [tio-group-226] org.jim.common.tcp.TcpServerDecoder      : TCP解码成功...
2018-06-05 20:49:04.577  INFO 14008 --- [tio-group-226] org.jim.common.tcp.TcpServerDecoder      : TCP解码成功...
2018-06-05 20:49:04.579  INFO 14008 --- [tio-group-222] org.jim.common.tcp.TcpServerDecoder      : TCP解码成功...
2018-06-05 20:49:04.579  INFO 14008 --- [tio-group-222] org.jim.common.tcp.TcpServerDecoder      : TCP解码成功...
2018-06-05 20:49:04.579  INFO 14008 --- [tio-group-222] org.jim.common.tcp.TcpServerDecoder      : TCP解码成功...
2018-06-05 20:49:04.580  INFO 14008 --- [tio-group-222] org.jim.common.tcp.TcpServerDecoder      : TCP解码成功...
2018-06-05 20:49:04.581  INFO 14008 --- [tio-group-231] org.jim.common.tcp.TcpServerDecoder      : TCP解码成功...
2018-06-05 20:49:04.582  INFO 14008 --- [tio-group-231] org.jim.common.tcp.TcpServerDecoder      : TCP解码成功...
2018-06-05 20:49:04.582  INFO 14008 --- [tio-group-231] org.jim.common.tcp.TcpServerDecoder      : TCP解码成功...
2018-06-05 20:49:04.583  INFO 14008 --- [tio-group-231] org.jim.common.tcp.TcpServerDecoder      : TCP解码成功...
2018-06-05 20:49:04.583  INFO 14008 --- [tio-group-231] org.jim.common.tcp.TcpServerDecoder      : TCP解码成功...
2018-06-05 20:49:04.583  INFO 14008 --- [tio-group-231] org.jim.common.tcp.TcpServerDecoder      : TCP解码成功...
2018-06-05 20:49:04.583  INFO 14008 --- [tio-group-231] org.jim.common.tcp.TcpServerDecoder      : TCP解码成功...
2018-06-05 20:49:04.583  INFO 14008 --- [tio-group-231] org.jim.common.tcp.TcpServerDecoder      : TCP解码成功...
2018-06-05 20:49:04.584  INFO 14008 --- [tio-group-231] org.jim.common.tcp.TcpServerDecoder      : TCP解码成功...
2018-06-05 20:49:04.584  INFO 14008 --- [tio-group-231] org.jim.common.tcp.TcpServerDecoder      : TCP解码成功...
2018-06-05 20:49:04.584  INFO 14008 --- [tio-group-231] org.jim.common.tcp.TcpServerDecoder      : TCP解码成功...
2018-06-05 20:49:04.584  INFO 14008 --- [tio-group-231] org.jim.common.tcp.TcpServerDecoder      : TCP解码成功...
2018-06-05 20:49:04.585  INFO 14008 --- [tio-group-231] org.jim.common.tcp.TcpServerDecoder      : TCP解码成功...
2018-06-05 20:49:04.591  INFO 14008 --- [tio-group-231] org.jim.common.tcp.TcpServerDecoder      : TCP解码成功...
2018-06-05 20:49:04.591  INFO 14008 --- [tio-group-231] org.jim.common.tcp.TcpServerDecoder      : TCP解码成功...
2018-06-05 20:49:04.592  INFO 14008 --- [tio-group-231] org.jim.common.tcp.TcpServerDecoder      : TCP解码成功...
2018-06-05 20:49:04.592  INFO 14008 --- [tio-group-231] org.jim.common.tcp.TcpServerDecoder      : TCP解码成功...
2018-06-05 20:49:04.592  INFO 14008 --- [tio-group-231] org.jim.common.tcp.TcpServerDecoder      : TCP解码成功...
2018-06-05 20:49:04.592  INFO 14008 --- [tio-group-231] org.jim.common.tcp.TcpServerDecoder      : TCP解码成功...
2018-06-05 20:49:04.592  INFO 14008 --- [tio-group-231] org.jim.common.tcp.TcpServerDecoder      : TCP解码成功...
2018-06-05 20:49:04.596  INFO 14008 --- [tio-group-212] org.jim.common.tcp.TcpServerDecoder      : TCP解码成功...
2018-06-05 20:49:04.596  INFO 14008 --- [tio-group-212] org.jim.common.tcp.TcpServerDecoder      : TCP解码成功...
2018-06-05 20:49:04.597  INFO 14008 --- [tio-group-212] org.jim.common.tcp.TcpServerDecoder      : TCP解码成功...
2018-06-05 20:49:04.597  INFO 14008 --- [tio-group-212] org.jim.common.tcp.TcpServerDecoder      : TCP解码成功...
2018-06-05 20:49:04.598  INFO 14008 --- [tio-group-212] org.jim.common.tcp.TcpServerDecoder      : TCP解码成功...
2018-06-05 20:49:04.602  INFO 14008 --- [tio-group-239] org.jim.common.tcp.TcpServerDecoder      : TCP解码成功...
2018-06-05 20:49:04.603  INFO 14008 --- [tio-group-239] org.jim.common.tcp.TcpServerDecoder      : TCP解码成功...
2018-06-05 20:49:04.603  INFO 14008 --- [tio-group-239] org.jim.common.tcp.TcpServerDecoder      : TCP解码成功...
2018-06-05 20:49:04.603  INFO 14008 --- [tio-group-239] org.jim.common.tcp.TcpServerDecoder      : TCP解码成功...
2018-06-05 20:49:04.603  INFO 14008 --- [tio-group-239] org.jim.common.tcp.TcpServerDecoder      : TCP解码成功...
2018-06-05 20:49:04.603  INFO 14008 --- [tio-group-239] org.jim.common.tcp.TcpServerDecoder      : TCP解码成功...
2018-06-05 20:49:04.603  INFO 14008 --- [tio-group-239] org.jim.common.tcp.TcpServerDecoder      : TCP解码成功...
2018-06-05 20:49:04.604  INFO 14008 --- [tio-group-239] org.jim.common.tcp.TcpServerDecoder      : TCP解码成功...
2018-06-05 20:49:04.604  INFO 14008 --- [tio-group-239] org.jim.common.tcp.TcpServerDecoder      : TCP解码成功...
2018-06-05 20:49:04.604  INFO 14008 --- [tio-group-239] org.jim.common.tcp.TcpServerDecoder      : TCP解码成功...
2018-06-05 20:49:04.609  INFO 14008 --- [tio-group-241] org.jim.common.tcp.TcpServerDecoder      : TCP解码成功...
2018-06-05 20:49:04.609  INFO 14008 --- [tio-group-241] org.jim.common.tcp.TcpServerDecoder      : TCP解码成功...
2018-06-05 20:52:28.433  INFO 14008 --- [AsyncResolver-bootstrap-executor-0] c.n.d.s.r.aws.ConfigClusterResolver      : Resolving eureka endpoints via configuration
2018-06-05 20:57:25.829  INFO 14008 --- [tio-group-246] org.jim.common.tcp.TcpServerDecoder      : TCP解码成功...
2018-06-05 20:57:25.845  INFO 14008 --- [tio-group-247] org.jim.common.tcp.TcpServerDecoder      : TCP解码成功...
2018-06-05 20:57:25.846  INFO 14008 --- [tio-group-247] org.jim.common.tcp.TcpServerDecoder      : TCP解码成功...
2018-06-05 20:57:25.862  INFO 14008 --- [tio-group-247] org.jim.common.tcp.TcpServerDecoder      : TCP解码成功...
2018-06-05 20:57:25.862  INFO 14008 --- [tio-group-247] org.jim.common.tcp.TcpServerDecoder      : TCP解码成功...
2018-06-05 20:57:25.863  INFO 14008 --- [tio-group-247] org.jim.common.tcp.TcpServerDecoder      : TCP解码成功...
2018-06-05 20:57:25.864  INFO 14008 --- [tio-group-247] org.jim.common.tcp.TcpServerDecoder      : TCP解码成功...
2018-06-05 20:57:25.864  INFO 14008 --- [tio-group-247] org.jim.common.tcp.TcpServerDecoder      : TCP解码成功...
2018-06-05 20:57:25.872  INFO 14008 --- [tio-group-247] org.jim.common.tcp.TcpServerDecoder      : TCP解码成功...
2018-06-05 20:57:25.872  INFO 14008 --- [tio-group-247] org.jim.common.tcp.TcpServerDecoder      : TCP解码成功...
2018-06-05 20:57:25.873  INFO 14008 --- [tio-group-247] org.jim.common.tcp.TcpServerDecoder      : TCP解码成功...
2018-06-05 20:57:25.873  INFO 14008 --- [tio-group-247] org.jim.common.tcp.TcpServerDecoder      : TCP解码成功...
2018-06-05 20:57:25.873  INFO 14008 --- [tio-group-247] org.jim.common.tcp.TcpServerDecoder      : TCP解码成功...
2018-06-05 20:57:25.873  INFO 14008 --- [tio-group-247] org.jim.common.tcp.TcpServerDecoder      : TCP解码成功...
2018-06-05 20:57:25.873  INFO 14008 --- [tio-group-247] org.jim.common.tcp.TcpServerDecoder      : TCP解码成功...
2018-06-05 20:57:25.873  INFO 14008 --- [tio-group-247] org.jim.common.tcp.TcpServerDecoder      : TCP解码成功...
2018-06-05 20:57:25.874  INFO 14008 --- [tio-group-247] org.jim.common.tcp.TcpServerDecoder      : TCP解码成功...
2018-06-05 20:57:25.874  INFO 14008 --- [tio-group-247] org.jim.common.tcp.TcpServerDecoder      : TCP解码成功...
2018-06-05 20:57:25.874  INFO 14008 --- [tio-group-247] org.jim.common.tcp.TcpServerDecoder      : TCP解码成功...
2018-06-05 20:57:25.874  INFO 14008 --- [tio-group-247] org.jim.common.tcp.TcpServerDecoder      : TCP解码成功...
2018-06-05 20:57:25.874  INFO 14008 --- [tio-group-247] org.jim.common.tcp.TcpServerDecoder      : TCP解码成功...
2018-06-05 20:57:25.874  INFO 14008 --- [tio-group-247] org.jim.common.tcp.TcpServerDecoder      : TCP解码成功...
2018-06-05 20:57:25.874  INFO 14008 --- [tio-group-247] org.jim.common.tcp.TcpServerDecoder      : TCP解码成功...
2018-06-05 20:57:25.875  INFO 14008 --- [tio-group-247] org.jim.common.tcp.TcpServerDecoder      : TCP解码成功...
2018-06-05 20:57:25.875  INFO 14008 --- [tio-group-247] org.jim.common.tcp.TcpServerDecoder      : TCP解码成功...
2018-06-05 20:57:25.875  INFO 14008 --- [tio-group-247] org.jim.common.tcp.TcpServerDecoder      : TCP解码成功...
2018-06-05 20:57:25.875  INFO 14008 --- [tio-group-247] org.jim.common.tcp.TcpServerDecoder      : TCP解码成功...
2018-06-05 20:57:25.876  INFO 14008 --- [tio-group-247] org.jim.common.tcp.TcpServerDecoder      : TCP解码成功...
2018-06-05 20:57:25.877  INFO 14008 --- [tio-group-247] org.jim.common.tcp.TcpServerDecoder      : TCP解码成功...
2018-06-05 20:57:25.877  INFO 14008 --- [tio-group-247] org.jim.common.tcp.TcpServerDecoder      : TCP解码成功...
2018-06-05 20:57:25.877  INFO 14008 --- [tio-group-247] org.jim.common.tcp.TcpServerDecoder      : TCP解码成功...
2018-06-05 20:57:25.877  INFO 14008 --- [tio-group-247] org.jim.common.tcp.TcpServerDecoder      : TCP解码成功...
2018-06-05 20:57:25.877  INFO 14008 --- [tio-group-247] org.jim.common.tcp.TcpServerDecoder      : TCP解码成功...
2018-06-05 20:57:25.877  INFO 14008 --- [tio-group-247] org.jim.common.tcp.TcpServerDecoder      : TCP解码成功...
2018-06-05 20:57:25.878  INFO 14008 --- [tio-group-247] org.jim.common.tcp.TcpServerDecoder      : TCP解码成功...
2018-06-05 20:57:25.878  INFO 14008 --- [tio-group-247] org.jim.common.tcp.TcpServerDecoder      : TCP解码成功...
2018-06-05 20:57:25.878  INFO 14008 --- [tio-group-247] org.jim.common.tcp.TcpServerDecoder      : TCP解码成功...
2018-06-05 20:57:25.878  INFO 14008 --- [tio-group-247] org.jim.common.tcp.TcpServerDecoder      : TCP解码成功...
2018-06-05 20:57:25.883  INFO 14008 --- [tio-group-247] org.jim.common.tcp.TcpServerDecoder      : TCP解码成功...
2018-06-05 20:57:25.884  INFO 14008 --- [tio-group-247] org.jim.common.tcp.TcpServerDecoder      : TCP解码成功...
2018-06-05 20:57:25.884  INFO 14008 --- [tio-group-247] org.jim.common.tcp.TcpServerDecoder      : TCP解码成功...
2018-06-05 20:57:25.884  INFO 14008 --- [tio-group-247] org.jim.common.tcp.TcpServerDecoder      : TCP解码成功...
2018-06-05 20:57:25.885  INFO 14008 --- [tio-group-247] org.jim.common.tcp.TcpServerDecoder      : TCP解码成功...
2018-06-05 20:57:25.885  INFO 14008 --- [tio-group-247] org.jim.common.tcp.TcpServerDecoder      : TCP解码成功...
2018-06-05 20:57:25.885  INFO 14008 --- [tio-group-247] org.jim.common.tcp.TcpServerDecoder      : TCP解码成功...
2018-06-05 20:57:25.885  INFO 14008 --- [tio-group-247] org.jim.common.tcp.TcpServerDecoder      : TCP解码成功...
2018-06-05 20:57:25.885  INFO 14008 --- [tio-group-247] org.jim.common.tcp.TcpServerDecoder      : TCP解码成功...
2018-06-05 20:57:25.885  INFO 14008 --- [tio-group-247] org.jim.common.tcp.TcpServerDecoder      : TCP解码成功...
2018-06-05 20:57:25.886  INFO 14008 --- [tio-group-247] org.jim.common.tcp.TcpServerDecoder      : TCP解码成功...
2018-06-05 20:57:25.886  INFO 14008 --- [tio-group-247] org.jim.common.tcp.TcpServerDecoder      : TCP解码成功...
2018-06-05 20:57:25.886  INFO 14008 --- [tio-group-247] org.jim.common.tcp.TcpServerDecoder      : TCP解码成功...
2018-06-05 20:57:25.886  INFO 14008 --- [tio-group-247] org.jim.common.tcp.TcpServerDecoder      : TCP解码成功...
2018-06-05 20:57:25.886  INFO 14008 --- [tio-group-247] org.jim.common.tcp.TcpServerDecoder      : TCP解码成功...
2018-06-05 20:57:25.886  INFO 14008 --- [tio-group-247] org.jim.common.tcp.TcpServerDecoder      : TCP解码成功...
2018-06-05 20:57:25.887  INFO 14008 --- [tio-group-247] org.jim.common.tcp.TcpServerDecoder      : TCP解码成功...
2018-06-05 20:57:25.887  INFO 14008 --- [tio-group-247] org.jim.common.tcp.TcpServerDecoder      : TCP解码成功...
2018-06-05 20:57:25.887  INFO 14008 --- [tio-group-247] org.jim.common.tcp.TcpServerDecoder      : TCP解码成功...
2018-06-05 20:57:25.887  INFO 14008 --- [tio-group-247] org.jim.common.tcp.TcpServerDecoder      : TCP解码成功...
2018-06-05 20:57:25.887  INFO 14008 --- [tio-group-247] org.jim.common.tcp.TcpServerDecoder      : TCP解码成功...
2018-06-05 20:57:25.887  INFO 14008 --- [tio-group-247] org.jim.common.tcp.TcpServerDecoder      : TCP解码成功...
2018-06-05 20:57:25.888  INFO 14008 --- [tio-group-247] org.jim.common.tcp.TcpServerDecoder      : TCP解码成功...
2018-06-05 20:57:25.888  INFO 14008 --- [tio-group-247] org.jim.common.tcp.TcpServerDecoder      : TCP解码成功...
2018-06-05 20:57:25.888  INFO 14008 --- [tio-group-247] org.jim.common.tcp.TcpServerDecoder      : TCP解码成功...
2018-06-05 20:57:25.888  INFO 14008 --- [tio-group-247] org.jim.common.tcp.TcpServerDecoder      : TCP解码成功...
2018-06-05 20:57:25.888  INFO 14008 --- [tio-group-247] org.jim.common.tcp.TcpServerDecoder      : TCP解码成功...
2018-06-05 20:57:25.888  INFO 14008 --- [tio-group-247] org.jim.common.tcp.TcpServerDecoder      : TCP解码成功...
2018-06-05 20:57:25.888  INFO 14008 --- [tio-group-247] org.jim.common.tcp.TcpServerDecoder      : TCP解码成功...
2018-06-05 20:57:25.888  INFO 14008 --- [tio-group-247] org.jim.common.tcp.TcpServerDecoder      : TCP解码成功...
2018-06-05 20:57:25.889  INFO 14008 --- [tio-group-247] org.jim.common.tcp.TcpServerDecoder      : TCP解码成功...
2018-06-05 20:57:25.889  INFO 14008 --- [tio-group-247] org.jim.common.tcp.TcpServerDecoder      : TCP解码成功...
2018-06-05 20:57:25.889  INFO 14008 --- [tio-group-247] org.jim.common.tcp.TcpServerDecoder      : TCP解码成功...
2018-06-05 20:57:25.889  INFO 14008 --- [tio-group-247] org.jim.common.tcp.TcpServerDecoder      : TCP解码成功...
2018-06-05 20:57:25.889  INFO 14008 --- [tio-group-247] org.jim.common.tcp.TcpServerDecoder      : TCP解码成功...
2018-06-05 20:57:25.892  INFO 14008 --- [tio-group-247] org.jim.common.tcp.TcpServerDecoder      : TCP解码成功...
2018-06-05 20:57:25.892  INFO 14008 --- [tio-group-247] org.jim.common.tcp.TcpServerDecoder      : TCP解码成功...
2018-06-05 20:57:25.893  INFO 14008 --- [tio-group-247] org.jim.common.tcp.TcpServerDecoder      : TCP解码成功...
2018-06-05 20:57:25.893  INFO 14008 --- [tio-group-247] org.jim.common.tcp.TcpServerDecoder      : TCP解码成功...
2018-06-05 20:57:25.893  INFO 14008 --- [tio-group-247] org.jim.common.tcp.TcpServerDecoder      : TCP解码成功...
2018-06-05 20:57:25.893  INFO 14008 --- [tio-group-247] org.jim.common.tcp.TcpServerDecoder      : TCP解码成功...
2018-06-05 20:57:25.893  INFO 14008 --- [tio-group-247] org.jim.common.tcp.TcpServerDecoder      : TCP解码成功...
2018-06-05 20:57:25.893  INFO 14008 --- [tio-group-247] org.jim.common.tcp.TcpServerDecoder      : TCP解码成功...
2018-06-05 20:57:25.894  INFO 14008 --- [tio-group-247] org.jim.common.tcp.TcpServerDecoder      : TCP解码成功...
2018-06-05 20:57:25.894  INFO 14008 --- [tio-group-247] org.jim.common.tcp.TcpServerDecoder      : TCP解码成功...
2018-06-05 20:57:25.894  INFO 14008 --- [tio-group-247] org.jim.common.tcp.TcpServerDecoder      : TCP解码成功...
2018-06-05 20:57:25.894  INFO 14008 --- [tio-group-247] org.jim.common.tcp.TcpServerDecoder      : TCP解码成功...
2018-06-05 20:57:25.894  INFO 14008 --- [tio-group-247] org.jim.common.tcp.TcpServerDecoder      : TCP解码成功...
2018-06-05 20:57:25.894  INFO 14008 --- [tio-group-247] org.jim.common.tcp.TcpServerDecoder      : TCP解码成功...
2018-06-05 20:57:25.894  INFO 14008 --- [tio-group-247] org.jim.common.tcp.TcpServerDecoder      : TCP解码成功...
2018-06-05 20:57:25.894  INFO 14008 --- [tio-group-247] org.jim.common.tcp.TcpServerDecoder      : TCP解码成功...
2018-06-05 20:57:25.895  INFO 14008 --- [tio-group-247] org.jim.common.tcp.TcpServerDecoder      : TCP解码成功...
2018-06-05 20:57:25.895  INFO 14008 --- [tio-group-247] org.jim.common.tcp.TcpServerDecoder      : TCP解码成功...
2018-06-05 20:57:25.895  INFO 14008 --- [tio-group-247] org.jim.common.tcp.TcpServerDecoder      : TCP解码成功...
2018-06-05 20:57:25.896  INFO 14008 --- [tio-group-2] org.jim.common.tcp.TcpServerDecoder      : TCP解码成功...
2018-06-05 20:57:25.898  INFO 14008 --- [tio-group-2] org.jim.common.tcp.TcpServerDecoder      : TCP解码成功...
2018-06-05 20:57:25.898  INFO 14008 --- [tio-group-2] org.jim.common.tcp.TcpServerDecoder      : TCP解码成功...
2018-06-05 20:57:25.898  INFO 14008 --- [tio-group-2] org.jim.common.tcp.TcpServerDecoder      : TCP解码成功...
2018-06-05 20:57:25.898  INFO 14008 --- [tio-group-2] org.jim.common.tcp.TcpServerDecoder      : TCP解码成功...
2018-06-05 20:57:25.899  INFO 14008 --- [tio-group-2] org.jim.common.tcp.TcpServerDecoder      : TCP解码成功...
2018-06-05 20:57:25.899  INFO 14008 --- [tio-group-2] org.jim.common.tcp.TcpServerDecoder      : TCP解码成功...
2018-06-05 20:57:25.899  INFO 14008 --- [tio-group-2] org.jim.common.tcp.TcpServerDecoder      : TCP解码成功...
2018-06-05 20:57:25.900  INFO 14008 --- [tio-group-2] org.jim.common.tcp.TcpServerDecoder      : TCP解码成功...
2018-06-05 20:57:28.434  INFO 14008 --- [AsyncResolver-bootstrap-executor-0] c.n.d.s.r.aws.ConfigClusterResolver      : Resolving eureka endpoints via configuration
2018-06-05 20:58:28.548  INFO 14008 --- [tio-8] org.tio.core.CloseRunnable               : org.jim.server.ImServerGroupContext@6887f082, 127.0.0.1:50858 准备关闭连接, isNeedRemove:true, 读数据时发生异常
2018-06-05 20:58:28.549  INFO 14008 --- [tio-8] org.tio.core.ChannelContext              : 关闭前127.0.0.1:50858, 关闭后$UNKNOWN:26
2018-06-05 20:58:28.550  INFO 14008 --- [tio-4] org.tio.core.CloseRunnable               : org.jim.server.ImServerGroupContext@6887f082, 127.0.0.1:52062 准备关闭连接, isNeedRemove:true, 读数据时发生异常
2018-06-05 20:58:28.550  INFO 14008 --- [tio-4] org.tio.core.ChannelContext              : 关闭前127.0.0.1:52062, 关闭后$UNKNOWN:27
